[0.012s] Invoking command in '/home/ubuntu/environment/HelloWorld/robot_ws/build/hello_world_robot': CMAKE_PREFIX_PATH=/home/ubuntu/environment/HelloWorld/robot_ws/install/turtlebot3_description_reduced_mesh:${CMAKE_PREFIX_PATH} PKG_CONFIG_PATH=/home/ubuntu/environment/HelloWorld/robot_ws/install/turtlebot3_description_reduced_mesh/lib/x86_64-linux-gnu/pkgconfig:/home/ubuntu/environment/HelloWorld/robot_ws/install/turtlebot3_description_reduced_mesh/lib/pkgconfig:${PKG_CONFIG_PATH} ROS_PACKAGE_PATH=/home/ubuntu/environment/HelloWorld/robot_ws/install/turtlebot3_description_reduced_mesh/share:${ROS_PACKAGE_PATH} /usr/bin/cmake /home/ubuntu/environment/HelloWorld/robot_ws/src/hello_world_robot -DCATKIN_INSTALL_INTO_PREFIX_ROOT=0 -DCMAKE_INSTALL_PREFIX=/home/ubuntu/environment/HelloWorld/robot_ws/install/hello_world_robot
[0.088s] -- The C compiler identification is GNU 7.5.0
[0.160s] -- The CXX compiler identification is GNU 7.5.0
[0.166s] -- Check for working C compiler: /usr/bin/cc
[0.245s] -- Check for working C compiler: /usr/bin/cc -- works
[0.246s] -- Detecting C compiler ABI info
[0.324s] -- Detecting C compiler ABI info - done
[0.335s] -- Detecting C compile features
[0.570s] -- Detecting C compile features - done
[0.574s] -- Check for working CXX compiler: /usr/bin/c++
[0.663s] -- Check for working CXX compiler: /usr/bin/c++ -- works
[0.664s] -- Detecting CXX compiler ABI info
[0.754s] -- Detecting CXX compiler ABI info - done
[0.765s] -- Detecting CXX compile features
[1.172s] -- Detecting CXX compile features - done
[1.175s] -- Using CATKIN_DEVEL_PREFIX: /home/ubuntu/environment/HelloWorld/robot_ws/build/hello_world_robot/devel
[1.175s] -- Using CMAKE_PREFIX_PATH: /home/ubuntu/environment/HelloWorld/robot_ws/install/turtlebot3_description_reduced_mesh;/opt/ros/melodic
[1.175s] -- This workspace overlays: /home/ubuntu/environment/HelloWorld/robot_ws/install/turtlebot3_description_reduced_mesh;/opt/ros/melodic
[1.192s] -- Found PythonInterp: /usr/bin/python2 (found suitable version "2.7.17", minimum required is "2") 
[1.192s] -- Using PYTHON_EXECUTABLE: /usr/bin/python2
[1.193s] -- Using Debian Python package layout
[1.193s] -- Using empy: /usr/bin/empy
[1.382s] -- Using CATKIN_ENABLE_TESTING: ON
[1.382s] -- Call enable_testing()
[1.384s] -- Using CATKIN_TEST_RESULTS_DIR: /home/ubuntu/environment/HelloWorld/robot_ws/build/hello_world_robot/test_results
[1.404s] -- Found gtest sources under '/usr/src/googletest': gtests will be built
[1.404s] -- Found gmock sources under '/usr/src/googletest': gmock will be built
[1.420s] -- Found PythonInterp: /usr/bin/python2 (found version "2.7.17") 
[1.421s] -- Looking for pthread.h
[1.505s] -- Looking for pthread.h - found
[1.506s] -- Looking for pthread_create
[1.592s] -- Looking for pthread_create - not found
[1.593s] -- Looking for pthread_create in pthreads
[1.656s] -- Looking for pthread_create in pthreads - not found
[1.656s] -- Looking for pthread_create in pthread
[1.734s] -- Looking for pthread_create in pthread - found
[1.736s] -- Found Threads: TRUE  
[1.741s] -- Using Python nosetests: /usr/bin/nosetests-2.7
[1.792s] -- catkin 0.7.29
[1.792s] -- BUILD_SHARED_LIBS is on
[1.964s] -- Using these message generators: gencpp;geneus;genlisp;gennodejs;genpy
[2.879s] -- Configuring done
[2.903s] -- Generating done
[2.909s] -- Build files have been written to: /home/ubuntu/environment/HelloWorld/robot_ws/build/hello_world_robot
[2.915s] Invoked command in '/home/ubuntu/environment/HelloWorld/robot_ws/build/hello_world_robot' returned '0': CMAKE_PREFIX_PATH=/home/ubuntu/environment/HelloWorld/robot_ws/install/turtlebot3_description_reduced_mesh:${CMAKE_PREFIX_PATH} PKG_CONFIG_PATH=/home/ubuntu/environment/HelloWorld/robot_ws/install/turtlebot3_description_reduced_mesh/lib/x86_64-linux-gnu/pkgconfig:/home/ubuntu/environment/HelloWorld/robot_ws/install/turtlebot3_description_reduced_mesh/lib/pkgconfig:${PKG_CONFIG_PATH} ROS_PACKAGE_PATH=/home/ubuntu/environment/HelloWorld/robot_ws/install/turtlebot3_description_reduced_mesh/share:${ROS_PACKAGE_PATH} /usr/bin/cmake /home/ubuntu/environment/HelloWorld/robot_ws/src/hello_world_robot -DCATKIN_INSTALL_INTO_PREFIX_ROOT=0 -DCMAKE_INSTALL_PREFIX=/home/ubuntu/environment/HelloWorld/robot_ws/install/hello_world_robot
[2.919s] Invoking command in '/home/ubuntu/environment/HelloWorld/robot_ws/build/hello_world_robot': CMAKE_PREFIX_PATH=/home/ubuntu/environment/HelloWorld/robot_ws/install/turtlebot3_description_reduced_mesh:${CMAKE_PREFIX_PATH} PKG_CONFIG_PATH=/home/ubuntu/environment/HelloWorld/robot_ws/install/turtlebot3_description_reduced_mesh/lib/x86_64-linux-gnu/pkgconfig:/home/ubuntu/environment/HelloWorld/robot_ws/install/turtlebot3_description_reduced_mesh/lib/pkgconfig:${PKG_CONFIG_PATH} ROS_PACKAGE_PATH=/home/ubuntu/environment/HelloWorld/robot_ws/install/turtlebot3_description_reduced_mesh/share:${ROS_PACKAGE_PATH} /usr/bin/cmake --build /home/ubuntu/environment/HelloWorld/robot_ws/build/hello_world_robot -- -j2 -l2
[2.968s] [35m[1mScanning dependencies of target hello_world_robot_xacro_generated_to_devel_space_[0m
[2.979s] Built target hello_world_robot_xacro_generated_to_devel_space_
[2.992s] Invoked command in '/home/ubuntu/environment/HelloWorld/robot_ws/build/hello_world_robot' returned '0': CMAKE_PREFIX_PATH=/home/ubuntu/environment/HelloWorld/robot_ws/install/turtlebot3_description_reduced_mesh:${CMAKE_PREFIX_PATH} PKG_CONFIG_PATH=/home/ubuntu/environment/HelloWorld/robot_ws/install/turtlebot3_description_reduced_mesh/lib/x86_64-linux-gnu/pkgconfig:/home/ubuntu/environment/HelloWorld/robot_ws/install/turtlebot3_description_reduced_mesh/lib/pkgconfig:${PKG_CONFIG_PATH} ROS_PACKAGE_PATH=/home/ubuntu/environment/HelloWorld/robot_ws/install/turtlebot3_description_reduced_mesh/share:${ROS_PACKAGE_PATH} /usr/bin/cmake --build /home/ubuntu/environment/HelloWorld/robot_ws/build/hello_world_robot -- -j2 -l2
[3.053s] Invoking command in '/home/ubuntu/environment/HelloWorld/robot_ws/build/hello_world_robot': CMAKE_PREFIX_PATH=/home/ubuntu/environment/HelloWorld/robot_ws/install/turtlebot3_description_reduced_mesh:${CMAKE_PREFIX_PATH} PKG_CONFIG_PATH=/home/ubuntu/environment/HelloWorld/robot_ws/install/turtlebot3_description_reduced_mesh/lib/x86_64-linux-gnu/pkgconfig:/home/ubuntu/environment/HelloWorld/robot_ws/install/turtlebot3_description_reduced_mesh/lib/pkgconfig:${PKG_CONFIG_PATH} ROS_PACKAGE_PATH=/home/ubuntu/environment/HelloWorld/robot_ws/install/turtlebot3_description_reduced_mesh/share:${ROS_PACKAGE_PATH} /usr/bin/cmake --build /home/ubuntu/environment/HelloWorld/robot_ws/build/hello_world_robot --target tests -- -j2 -l2
[3.117s] [35m[1mScanning dependencies of target tests[0m
[3.129s] Built target tests
[3.142s] Invoked command in '/home/ubuntu/environment/HelloWorld/robot_ws/build/hello_world_robot' returned '0': CMAKE_PREFIX_PATH=/home/ubuntu/environment/HelloWorld/robot_ws/install/turtlebot3_description_reduced_mesh:${CMAKE_PREFIX_PATH} PKG_CONFIG_PATH=/home/ubuntu/environment/HelloWorld/robot_ws/install/turtlebot3_description_reduced_mesh/lib/x86_64-linux-gnu/pkgconfig:/home/ubuntu/environment/HelloWorld/robot_ws/install/turtlebot3_description_reduced_mesh/lib/pkgconfig:${PKG_CONFIG_PATH} ROS_PACKAGE_PATH=/home/ubuntu/environment/HelloWorld/robot_ws/install/turtlebot3_description_reduced_mesh/share:${ROS_PACKAGE_PATH} /usr/bin/cmake --build /home/ubuntu/environment/HelloWorld/robot_ws/build/hello_world_robot --target tests -- -j2 -l2
[3.202s] Invoking command in '/home/ubuntu/environment/HelloWorld/robot_ws/build/hello_world_robot': CMAKE_PREFIX_PATH=/home/ubuntu/environment/HelloWorld/robot_ws/install/turtlebot3_description_reduced_mesh:${CMAKE_PREFIX_PATH} PKG_CONFIG_PATH=/home/ubuntu/environment/HelloWorld/robot_ws/install/turtlebot3_description_reduced_mesh/lib/x86_64-linux-gnu/pkgconfig:/home/ubuntu/environment/HelloWorld/robot_ws/install/turtlebot3_description_reduced_mesh/lib/pkgconfig:${PKG_CONFIG_PATH} ROS_PACKAGE_PATH=/home/ubuntu/environment/HelloWorld/robot_ws/install/turtlebot3_description_reduced_mesh/share:${ROS_PACKAGE_PATH} /usr/bin/cmake --build /home/ubuntu/environment/HelloWorld/robot_ws/build/hello_world_robot --target install -- -j2 -l2
[3.262s] Built target hello_world_robot_xacro_generated_to_devel_space_
[3.284s] [36mInstall the project...[0m
[3.294s] -- Install configuration: ""
[3.295s] + cd /home/ubuntu/environment/HelloWorld/robot_ws/src/hello_world_robot
[3.295s] + mkdir -p /home/ubuntu/environment/HelloWorld/robot_ws/install/hello_world_robot/lib/python2.7/dist-packages
[3.297s] + /usr/bin/env PYTHONPATH=/home/ubuntu/environment/HelloWorld/robot_ws/install/hello_world_robot/lib/python2.7/dist-packages:/home/ubuntu/environment/HelloWorld/robot_ws/build/hello_world_robot/lib/python2.7/dist-packages:/opt/ros/melodic/lib/python2.7/dist-packages CATKIN_BINARY_DIR=/home/ubuntu/environment/HelloWorld/robot_ws/build/hello_world_robot /usr/bin/python2 /home/ubuntu/environment/HelloWorld/robot_ws/src/hello_world_robot/setup.py build --build-base /home/ubuntu/environment/HelloWorld/robot_ws/build/hello_world_robot install --root=/ --install-layout=deb --prefix=/home/ubuntu/environment/HelloWorld/robot_ws/install/hello_world_robot --install-scripts=/home/ubuntu/environment/HelloWorld/robot_ws/install/hello_world_robot/bin
[3.346s] running build
[3.346s] running build_py
[3.349s] creating /home/ubuntu/environment/HelloWorld/robot_ws/build/hello_world_robot/lib.linux-x86_64-2.7
[3.349s] creating /home/ubuntu/environment/HelloWorld/robot_ws/build/hello_world_robot/lib.linux-x86_64-2.7/hello_world_robot
[3.349s] copying src/hello_world_robot/__init__.py -> /home/ubuntu/environment/HelloWorld/robot_ws/build/hello_world_robot/lib.linux-x86_64-2.7/hello_world_robot
[3.350s] running install
[3.350s] running install_lib
[3.351s] creating /home/ubuntu/environment/HelloWorld/robot_ws/install/hello_world_robot/lib/python2.7/dist-packages/hello_world_robot
[3.351s] copying /home/ubuntu/environment/HelloWorld/robot_ws/build/hello_world_robot/lib.linux-x86_64-2.7/hello_world_robot/__init__.py -> /home/ubuntu/environment/HelloWorld/robot_ws/install/hello_world_robot/lib/python2.7/dist-packages/hello_world_robot
[3.352s] byte-compiling /home/ubuntu/environment/HelloWorld/robot_ws/install/hello_world_robot/lib/python2.7/dist-packages/hello_world_robot/__init__.py to __init__.pyc
[3.354s] running install_egg_info
[3.355s] Writing /home/ubuntu/environment/HelloWorld/robot_ws/install/hello_world_robot/lib/python2.7/dist-packages/hello_world_robot-1.4.0.egg-info
[3.360s] -- Installing: /home/ubuntu/environment/HelloWorld/robot_ws/install/hello_world_robot/lib/pkgconfig/hello_world_robot.pc
[3.360s] -- Installing: /home/ubuntu/environment/HelloWorld/robot_ws/install/hello_world_robot/share/hello_world_robot/cmake/hello_world_robotConfig.cmake
[3.360s] -- Installing: /home/ubuntu/environment/HelloWorld/robot_ws/install/hello_world_robot/share/hello_world_robot/cmake/hello_world_robotConfig-version.cmake
[3.361s] -- Installing: /home/ubuntu/environment/HelloWorld/robot_ws/install/hello_world_robot/share/hello_world_robot/package.xml
[3.361s] -- Installing: /home/ubuntu/environment/HelloWorld/robot_ws/install/hello_world_robot/lib/hello_world_robot/rotate
[3.361s] -- Installing: /home/ubuntu/environment/HelloWorld/robot_ws/install/hello_world_robot/share/hello_world_robot/launch
[3.362s] -- Installing: /home/ubuntu/environment/HelloWorld/robot_ws/install/hello_world_robot/share/hello_world_robot/launch/deploy_rotate.launch
[3.363s] -- Installing: /home/ubuntu/environment/HelloWorld/robot_ws/install/hello_world_robot/share/hello_world_robot/launch/rotate.launch
[3.363s] -- Installing: /home/ubuntu/environment/HelloWorld/robot_ws/install/hello_world_robot/share/deploymentScripts
[3.364s] -- Installing: /home/ubuntu/environment/HelloWorld/robot_ws/install/hello_world_robot/share/deploymentScripts/post_launch_file.sh
[3.365s] -- Installing: /home/ubuntu/environment/HelloWorld/robot_ws/install/hello_world_robot/share/deploymentScripts/pre_launch_file.sh
[3.366s] -- Installing: /home/ubuntu/environment/HelloWorld/robot_ws/install/hello_world_robot/share/hello_world_robot/rviz/turtlebot3_model.rviz
[3.370s] Invoked command in '/home/ubuntu/environment/HelloWorld/robot_ws/build/hello_world_robot' returned '0': CMAKE_PREFIX_PATH=/home/ubuntu/environment/HelloWorld/robot_ws/install/turtlebot3_description_reduced_mesh:${CMAKE_PREFIX_PATH} PKG_CONFIG_PATH=/home/ubuntu/environment/HelloWorld/robot_ws/install/turtlebot3_description_reduced_mesh/lib/x86_64-linux-gnu/pkgconfig:/home/ubuntu/environment/HelloWorld/robot_ws/install/turtlebot3_description_reduced_mesh/lib/pkgconfig:${PKG_CONFIG_PATH} ROS_PACKAGE_PATH=/home/ubuntu/environment/HelloWorld/robot_ws/install/turtlebot3_description_reduced_mesh/share:${ROS_PACKAGE_PATH} /usr/bin/cmake --build /home/ubuntu/environment/HelloWorld/robot_ws/build/hello_world_robot --target install -- -j2 -l2
