Determining if the pthread_create exist failed with the following output:
Change Dir: /home/ubuntu/environment/HelloWorld/simulation_ws/build/hello_world_simulation/CMakeFiles/CMakeTmp

Run Build Command:"/usr/bin/make" "cmTC_aaeec/fast"
/usr/bin/make -f CMakeFiles/cmTC_aaeec.dir/build.make CMakeFiles/cmTC_aaeec.dir/build
make[1]: Entering directory '/home/ubuntu/environment/HelloWorld/simulation_ws/build/hello_world_simulation/CMakeFiles/CMakeTmp'
Building C object CMakeFiles/cmTC_aaeec.dir/CheckSymbolExists.c.o
/usr/bin/cc    -o CMakeFiles/cmTC_aaeec.dir/CheckSymbolExists.c.o   -c /home/ubuntu/environment/HelloWorld/simulation_ws/build/hello_world_simulation/CMakeFiles/CMakeTmp/CheckSymbolExists.c
Linking C executable cmTC_aaeec
/usr/bin/cmake -E cmake_link_script CMakeFiles/cmTC_aaeec.dir/link.txt --verbose=1
/usr/bin/cc      -rdynamic CMakeFiles/cmTC_aaeec.dir/CheckSymbolExists.c.o  -o cmTC_aaeec 
CMakeFiles/cmTC_aaeec.dir/CheckSymbolExists.c.o: In function `main':
CheckSymbolExists.c:(.text+0x1b): undefined reference to `pthread_create'
collect2: error: ld returned 1 exit status
CMakeFiles/cmTC_aaeec.dir/build.make:97: recipe for target 'cmTC_aaeec' failed
make[1]: *** [cmTC_aaeec] Error 1
make[1]: Leaving directory '/home/ubuntu/environment/HelloWorld/simulation_ws/build/hello_world_simulation/CMakeFiles/CMakeTmp'
Makefile:126: recipe for target 'cmTC_aaeec/fast' failed
make: *** [cmTC_aaeec/fast] Error 2

File /home/ubuntu/environment/HelloWorld/simulation_ws/build/hello_world_simulation/CMakeFiles/CMakeTmp/CheckSymbolExists.c:
/* */
#include <pthread.h>

int main(int argc, char** argv)
{
  (void)argv;
#ifndef pthread_create
  return ((int*)(&pthread_create))[argc];
#else
  (void)argc;
  return 0;
#endif
}

Determining if the function pthread_create exists in the pthreads failed with the following output:
Change Dir: /home/ubuntu/environment/HelloWorld/simulation_ws/build/hello_world_simulation/CMakeFiles/CMakeTmp

Run Build Command:"/usr/bin/make" "cmTC_03737/fast"
/usr/bin/make -f CMakeFiles/cmTC_03737.dir/build.make CMakeFiles/cmTC_03737.dir/build
make[1]: Entering directory '/home/ubuntu/environment/HelloWorld/simulation_ws/build/hello_world_simulation/CMakeFiles/CMakeTmp'
Building C object CMakeFiles/cmTC_03737.dir/CheckFunctionExists.c.o
/usr/bin/cc   -DCHECK_FUNCTION_EXISTS=pthread_create   -o CMakeFiles/cmTC_03737.dir/CheckFunctionExists.c.o   -c /usr/share/cmake-3.10/Modules/CheckFunctionExists.c
Linking C executable cmTC_03737
/usr/bin/cmake -E cmake_link_script CMakeFiles/cmTC_03737.dir/link.txt --verbose=1
/usr/bin/cc  -DCHECK_FUNCTION_EXISTS=pthread_create    -rdynamic CMakeFiles/cmTC_03737.dir/CheckFunctionExists.c.o  -o cmTC_03737 -lpthreads 
/usr/bin/ld: cannot find -lpthreads
collect2: error: ld returned 1 exit status
CMakeFiles/cmTC_03737.dir/build.make:97: recipe for target 'cmTC_03737' failed
make[1]: *** [cmTC_03737] Error 1
make[1]: Leaving directory '/home/ubuntu/environment/HelloWorld/simulation_ws/build/hello_world_simulation/CMakeFiles/CMakeTmp'
Makefile:126: recipe for target 'cmTC_03737/fast' failed
make: *** [cmTC_03737/fast] Error 2


