[0.000000] (-) TimerEvent: {}
[0.003604] (turtlebot3_description_reduced_mesh) JobQueued: {'identifier': 'turtlebot3_description_reduced_mesh', 'dependencies': OrderedDict()}
[0.003685] (hello_world_robot) JobQueued: {'identifier': 'hello_world_robot', 'dependencies': OrderedDict([('turtlebot3_description_reduced_mesh', '/home/ubuntu/environment/HelloWorld/robot_ws/install/turtlebot3_description_reduced_mesh')])}
[0.003759] (turtlebot3_description_reduced_mesh) JobStarted: {'identifier': 'turtlebot3_description_reduced_mesh'}
[0.046915] (turtlebot3_description_reduced_mesh) JobProgress: {'identifier': 'turtlebot3_description_reduced_mesh', 'progress': 'cmake'}
[0.047636] (turtlebot3_description_reduced_mesh) Command: {'cmd': ['/usr/bin/cmake', '/home/ubuntu/environment/HelloWorld/robot_ws/src/deps/turtlebot3-description-reduced-mesh', '-DCATKIN_INSTALL_INTO_PREFIX_ROOT=0', '-DCMAKE_INSTALL_PREFIX=/home/ubuntu/environment/HelloWorld/robot_ws/install/turtlebot3_description_reduced_mesh'], 'cwd': '/home/ubuntu/environment/HelloWorld/robot_ws/build/turtlebot3_description_reduced_mesh', 'env': OrderedDict([('HISTFILESIZE', '100000'), ('TMUX', '/tmp/tmux-1000/cloud92.2,1909,0'), ('MAIL', '/var/mail/ubuntu'), ('USER', 'ubuntu'), ('_system_version', '18.04'), ('SSH_CLIENT', '35.172.155.193 6693 22'), ('ROS_PACKAGE_PATH', '/opt/ros/melodic/share'), ('LD_LIBRARY_PATH', '/opt/ros/melodic/lib'), ('ROS_ETC_DIR', '/opt/ros/melodic/etc/ros'), ('SHLVL', '4'), ('OLDPWD', '/home/ubuntu/environment'), ('HOME', '/home/ubuntu'), ('PORT', '8080'), ('ISOUTPUTPANE', '0'), ('NVM_BIN', '/home/ubuntu/.nvm/versions/node/v8.17.0/bin'), ('NVM_NODEJS_ORG_MIRROR', 'https://nodejs.org/dist'), ('ROS_PYTHON_VERSION', '2'), ('C9_USER', 'vocstartsoft'), ('NVM_DIR', '/home/ubuntu/.nvm'), ('NVM_PATH', '/home/ubuntu/.nvm/versions/node/v8.17.0/lib/node'), ('ROS_DISTRO', 'melodic'), ('HGUSER', 'vocstartsoft'), ('LOGNAME', 'ubuntu'), ('rvm_bin_path', '/usr/local/rvm/bin'), ('_', '/usr/local/bin/colcon'), ('RUBY_VERSION', 'ruby-2.4.1'), ('ROS_VERSION', '1'), ('C9_PORT', '8080'), ('PKG_CONFIG_PATH', '/opt/ros/melodic/lib/pkgconfig'), ('IRBRC', '/usr/local/rvm/rubies/ruby-2.4.1/.irbrc'), ('XDG_SESSION_ID', '3'), ('TERM', 'screen'), ('PATH', '/home/ubuntu/.nvm/versions/node/v8.17.0/bin:/opt/ros/melodic/bin:/usr/local/rvm/gems/ruby-2.4.1/bin:/usr/local/rvm/gems/ruby-2.4.1@global/bin:/usr/local/rvm/rubies/ruby-2.4.1/bin:/usr/local/sbin:/usr/local/bin:/usr/sbin:/usr/bin:/sbin:/bin:/usr/games:/usr/local/games:/snap/bin:/home/ubuntu/.local/bin:/home/ubuntu/bin:/usr/local/rvm/bin:/home/ubuntu/.local/bin:/home/ubuntu/bin'), ('NVM_IOJS_ORG_MIRROR', 'https://iojs.org/dist'), ('XDG_RUNTIME_DIR', '/run/user/1000'), ('MY_RUBY_HOME', '/usr/local/rvm/rubies/ruby-2.4.1'), ('LANG', 'C.UTF-8'), ('HISTSIZE', '100000'), ('ROS_ROOT', '/opt/ros/melodic/share/ros'), ('ROSLISP_PACKAGE_DIRECTORIES', ''), ('C9_HOSTNAME', '3.223.140.38'), ('NODE_PATH', '/home/ubuntu/.c9/node_modules'), ('SHELL', '/bin/bash'), ('ROS_MASTER_URI', 'http://localhost:11311'), ('rvm_prefix', '/usr/local'), ('PROMPT_COMMAND', 'history -a;'), ('_system_type', 'Linux'), ('GEM_HOME', '/usr/local/rvm/gems/ruby-2.4.1'), ('C9_PID', '0c444175a44e49aa90f0c3fb169903df'), ('rvm_version', '1.29.3 (1.29.3)'), ('_system_arch', 'x86_64'), ('C9_PROJECT', 'robot-Liu'), ('PWD', '/home/ubuntu/environment/HelloWorld/robot_ws/build/turtlebot3_description_reduced_mesh'), ('GEM_PATH', '/usr/local/rvm/gems/ruby-2.4.1:/usr/local/rvm/gems/ruby-2.4.1@global'), ('SSH_CONNECTION', '35.172.155.193 6693 172.31.12.121 22'), ('NVM_CD_FLAGS', ''), ('XDG_DATA_DIRS', '/usr/local/share:/usr/share:/var/lib/snapd/desktop'), ('IP', '127.0.0.1'), ('_system_name', 'Ubuntu'), ('PYTHONPATH', '/opt/ros/melodic/lib/python2.7/dist-packages'), ('COLCON', '1'), ('rvm_path', '/usr/local/rvm'), ('TMUX_PANE', '%0'), ('MANPATH', '/home/ubuntu/.nvm/versions/node/v8.17.0/share/man:/usr/local/rvm/rubies/ruby-2.4.1/share/man:/usr/local/man:/usr/local/share/man:/usr/share/man:/usr/local/rvm/man'), ('EDITOR', ''), ('CMAKE_PREFIX_PATH', '/opt/ros/melodic')]), 'shell': False}
[0.098542] (-) TimerEvent: {}
[0.199057] (-) TimerEvent: {}
[0.299479] (-) TimerEvent: {}
[0.399995] (-) TimerEvent: {}
[0.467527] (turtlebot3_description_reduced_mesh) StdoutLine: {'line': b'-- The C compiler identification is GNU 7.5.0\n'}
[0.500157] (-) TimerEvent: {}
[0.600580] (-) TimerEvent: {}
[0.701063] (-) TimerEvent: {}
[0.730516] (turtlebot3_description_reduced_mesh) StdoutLine: {'line': b'-- The CXX compiler identification is GNU 7.5.0\n'}
[0.745538] (turtlebot3_description_reduced_mesh) StdoutLine: {'line': b'-- Check for working C compiler: /usr/bin/cc\n'}
[0.801236] (-) TimerEvent: {}
[0.832921] (turtlebot3_description_reduced_mesh) StdoutLine: {'line': b'-- Check for working C compiler: /usr/bin/cc -- works\n'}
[0.835177] (turtlebot3_description_reduced_mesh) StdoutLine: {'line': b'-- Detecting C compiler ABI info\n'}
[0.901441] (-) TimerEvent: {}
[0.915956] (turtlebot3_description_reduced_mesh) StdoutLine: {'line': b'-- Detecting C compiler ABI info - done\n'}
[0.927999] (turtlebot3_description_reduced_mesh) StdoutLine: {'line': b'-- Detecting C compile features\n'}
[1.001634] (-) TimerEvent: {}
[1.102196] (-) TimerEvent: {}
[1.165760] (turtlebot3_description_reduced_mesh) StdoutLine: {'line': b'-- Detecting C compile features - done\n'}
[1.173042] (turtlebot3_description_reduced_mesh) StdoutLine: {'line': b'-- Check for working CXX compiler: /usr/bin/c++\n'}
[1.202367] (-) TimerEvent: {}
[1.263876] (turtlebot3_description_reduced_mesh) StdoutLine: {'line': b'-- Check for working CXX compiler: /usr/bin/c++ -- works\n'}
[1.264814] (turtlebot3_description_reduced_mesh) StdoutLine: {'line': b'-- Detecting CXX compiler ABI info\n'}
[1.302570] (-) TimerEvent: {}
[1.357059] (turtlebot3_description_reduced_mesh) StdoutLine: {'line': b'-- Detecting CXX compiler ABI info - done\n'}
[1.367942] (turtlebot3_description_reduced_mesh) StdoutLine: {'line': b'-- Detecting CXX compile features\n'}
[1.402755] (-) TimerEvent: {}
[1.503535] (-) TimerEvent: {}
[1.604860] (-) TimerEvent: {}
[1.705674] (-) TimerEvent: {}
[1.777670] (turtlebot3_description_reduced_mesh) StdoutLine: {'line': b'-- Detecting CXX compile features - done\n'}
[1.784719] (turtlebot3_description_reduced_mesh) StdoutLine: {'line': b'-- Using CATKIN_DEVEL_PREFIX: /home/ubuntu/environment/HelloWorld/robot_ws/build/turtlebot3_description_reduced_mesh/devel\n'}
[1.785222] (turtlebot3_description_reduced_mesh) StdoutLine: {'line': b'-- Using CMAKE_PREFIX_PATH: /opt/ros/melodic\n'}
[1.785631] (turtlebot3_description_reduced_mesh) StdoutLine: {'line': b'-- This workspace overlays: /opt/ros/melodic\n'}
[1.805824] (-) TimerEvent: {}
[1.814836] (turtlebot3_description_reduced_mesh) StdoutLine: {'line': b'-- Found PythonInterp: /usr/bin/python2 (found suitable version "2.7.17", minimum required is "2") \n'}
[1.815226] (turtlebot3_description_reduced_mesh) StdoutLine: {'line': b'-- Using PYTHON_EXECUTABLE: /usr/bin/python2\n'}
[1.815506] (turtlebot3_description_reduced_mesh) StdoutLine: {'line': b'-- Using Debian Python package layout\n'}
[1.816288] (turtlebot3_description_reduced_mesh) StdoutLine: {'line': b'-- Using empy: /usr/bin/empy\n'}
[1.906029] (-) TimerEvent: {}
[2.007427] (-) TimerEvent: {}
[2.013020] (turtlebot3_description_reduced_mesh) StdoutLine: {'line': b'-- Using CATKIN_ENABLE_TESTING: ON\n'}
[2.013475] (turtlebot3_description_reduced_mesh) StdoutLine: {'line': b'-- Call enable_testing()\n'}
[2.017361] (turtlebot3_description_reduced_mesh) StdoutLine: {'line': b'-- Using CATKIN_TEST_RESULTS_DIR: /home/ubuntu/environment/HelloWorld/robot_ws/build/turtlebot3_description_reduced_mesh/test_results\n'}
[2.053630] (turtlebot3_description_reduced_mesh) StdoutLine: {'line': b"-- Found gtest sources under '/usr/src/googletest': gtests will be built\n"}
[2.054004] (turtlebot3_description_reduced_mesh) StdoutLine: {'line': b"-- Found gmock sources under '/usr/src/googletest': gmock will be built\n"}
[2.073312] (turtlebot3_description_reduced_mesh) StdoutLine: {'line': b'-- Found PythonInterp: /usr/bin/python2 (found version "2.7.17") \n'}
[2.077213] (turtlebot3_description_reduced_mesh) StdoutLine: {'line': b'-- Looking for pthread.h\n'}
[2.107579] (-) TimerEvent: {}
[2.179174] (turtlebot3_description_reduced_mesh) StdoutLine: {'line': b'-- Looking for pthread.h - found\n'}
[2.180741] (turtlebot3_description_reduced_mesh) StdoutLine: {'line': b'-- Looking for pthread_create\n'}
[2.207748] (-) TimerEvent: {}
[2.263398] (turtlebot3_description_reduced_mesh) StdoutLine: {'line': b'-- Looking for pthread_create - not found\n'}
[2.263884] (turtlebot3_description_reduced_mesh) StdoutLine: {'line': b'-- Looking for pthread_create in pthreads\n'}
[2.307952] (-) TimerEvent: {}
[2.330244] (turtlebot3_description_reduced_mesh) StdoutLine: {'line': b'-- Looking for pthread_create in pthreads - not found\n'}
[2.330679] (turtlebot3_description_reduced_mesh) StdoutLine: {'line': b'-- Looking for pthread_create in pthread\n'}
[2.408167] (-) TimerEvent: {}
[2.409600] (turtlebot3_description_reduced_mesh) StdoutLine: {'line': b'-- Looking for pthread_create in pthread - found\n'}
[2.411302] (turtlebot3_description_reduced_mesh) StdoutLine: {'line': b'-- Found Threads: TRUE  \n'}
[2.417400] (turtlebot3_description_reduced_mesh) StdoutLine: {'line': b'-- Using Python nosetests: /usr/bin/nosetests-2.7\n'}
[2.496966] (turtlebot3_description_reduced_mesh) StdoutLine: {'line': b'-- catkin 0.7.29\n'}
[2.497355] (turtlebot3_description_reduced_mesh) StdoutLine: {'line': b'-- BUILD_SHARED_LIBS is on\n'}
[2.508326] (-) TimerEvent: {}
[2.609574] (-) TimerEvent: {}
[2.612512] (turtlebot3_description_reduced_mesh) StdoutLine: {'line': b'-- Could NOT find gazebo_ros (missing: gazebo_ros_DIR)\n'}
[2.612824] (turtlebot3_description_reduced_mesh) StdoutLine: {'line': b"-- Could not find the required component 'gazebo_ros'. The following CMake error indicates that you either need to install the package with the same name or change your environment so that it can be found.\n"}
[2.613049] (turtlebot3_description_reduced_mesh) StderrLine: {'line': b'CMake Error at /opt/ros/melodic/share/catkin/cmake/catkinConfig.cmake:83 (find_package):\n'}
[2.613340] (turtlebot3_description_reduced_mesh) StderrLine: {'line': b'  Could not find a package configuration file provided by "gazebo_ros" with\n'}
[2.613543] (turtlebot3_description_reduced_mesh) StderrLine: {'line': b'  any of the following names:\n'}
[2.613815] (turtlebot3_description_reduced_mesh) StderrLine: {'line': b'\n'}
[2.614022] (turtlebot3_description_reduced_mesh) StderrLine: {'line': b'    gazebo_rosConfig.cmake\n'}
[2.614210] (turtlebot3_description_reduced_mesh) StderrLine: {'line': b'    gazebo_ros-config.cmake\n'}
[2.614405] (turtlebot3_description_reduced_mesh) StderrLine: {'line': b'\n'}
[2.614681] (turtlebot3_description_reduced_mesh) StderrLine: {'line': b'  Add the installation prefix of "gazebo_ros" to CMAKE_PREFIX_PATH or set\n'}
[2.614969] (turtlebot3_description_reduced_mesh) StderrLine: {'line': b'  "gazebo_ros_DIR" to a directory containing one of the above files.  If\n'}
[2.615161] (turtlebot3_description_reduced_mesh) StderrLine: {'line': b'  "gazebo_ros" provides a separate development package or SDK, be sure it has\n'}
[2.615361] (turtlebot3_description_reduced_mesh) StderrLine: {'line': b'  been installed.\n'}
[2.615545] (turtlebot3_description_reduced_mesh) StderrLine: {'line': b'Call Stack (most recent call first):\n'}
[2.615727] (turtlebot3_description_reduced_mesh) StderrLine: {'line': b'  CMakeLists.txt:4 (find_package)\n'}
[2.615908] (turtlebot3_description_reduced_mesh) StderrLine: {'line': b'\n'}
[2.616088] (turtlebot3_description_reduced_mesh) StderrLine: {'line': b'\n'}
[2.616265] (turtlebot3_description_reduced_mesh) StdoutLine: {'line': b'-- Configuring incomplete, errors occurred!\n'}
[2.616538] (turtlebot3_description_reduced_mesh) StdoutLine: {'line': b'See also "/home/ubuntu/environment/HelloWorld/robot_ws/build/turtlebot3_description_reduced_mesh/CMakeFiles/CMakeOutput.log".\n'}
[2.616716] (turtlebot3_description_reduced_mesh) StdoutLine: {'line': b'See also "/home/ubuntu/environment/HelloWorld/robot_ws/build/turtlebot3_description_reduced_mesh/CMakeFiles/CMakeError.log".\n'}
[2.620447] (turtlebot3_description_reduced_mesh) CommandEnded: {'returncode': 1}
[2.693376] (turtlebot3_description_reduced_mesh) JobEnded: {'identifier': 'turtlebot3_description_reduced_mesh', 'rc': 1}
[2.704251] (hello_world_robot) JobSkipped: {'identifier': 'hello_world_robot'}
[2.704367] (-) EventReactorShutdown: {}
