[0.000000] (-) TimerEvent: {}
[0.008967] (turtlebot3_description_reduced_mesh) JobQueued: {'identifier': 'turtlebot3_description_reduced_mesh', 'dependencies': OrderedDict()}
[0.009049] (hello_world_robot) JobQueued: {'identifier': 'hello_world_robot', 'dependencies': OrderedDict([('turtlebot3_description_reduced_mesh', '/home/ubuntu/environment/HelloWorld/robot_ws/install/turtlebot3_description_reduced_mesh')])}
[0.009118] (turtlebot3_description_reduced_mesh) JobStarted: {'identifier': 'turtlebot3_description_reduced_mesh'}
[0.034844] (turtlebot3_description_reduced_mesh) JobProgress: {'identifier': 'turtlebot3_description_reduced_mesh', 'progress': 'cmake'}
[0.035715] (turtlebot3_description_reduced_mesh) Command: {'cmd': ['/usr/bin/cmake', '/home/ubuntu/environment/HelloWorld/robot_ws/src/deps/turtlebot3-description-reduced-mesh', '-DCATKIN_INSTALL_INTO_PREFIX_ROOT=0', '-DCMAKE_INSTALL_PREFIX=/home/ubuntu/environment/HelloWorld/robot_ws/install/turtlebot3_description_reduced_mesh'], 'cwd': '/home/ubuntu/environment/HelloWorld/robot_ws/build/turtlebot3_description_reduced_mesh', 'env': OrderedDict([('HISTFILESIZE', '100000'), ('TMUX', '/tmp/tmux-1000/cloud92.2,1909,0'), ('MAIL', '/var/mail/ubuntu'), ('USER', 'ubuntu'), ('_system_version', '18.04'), ('SSH_CLIENT', '35.172.155.193 6693 22'), ('ROS_PACKAGE_PATH', '/opt/ros/melodic/share'), ('LD_LIBRARY_PATH', '/opt/ros/melodic/lib'), ('ROS_ETC_DIR', '/opt/ros/melodic/etc/ros'), ('SHLVL', '4'), ('OLDPWD', '/home/ubuntu/environment'), ('HOME', '/home/ubuntu'), ('PORT', '8080'), ('ISOUTPUTPANE', '0'), ('NVM_BIN', '/home/ubuntu/.nvm/versions/node/v8.17.0/bin'), ('NVM_NODEJS_ORG_MIRROR', 'https://nodejs.org/dist'), ('ROS_PYTHON_VERSION', '2'), ('C9_USER', 'vocstartsoft'), ('NVM_DIR', '/home/ubuntu/.nvm'), ('NVM_PATH', '/home/ubuntu/.nvm/versions/node/v8.17.0/lib/node'), ('ROS_DISTRO', 'melodic'), ('HGUSER', 'vocstartsoft'), ('LOGNAME', 'ubuntu'), ('rvm_bin_path', '/usr/local/rvm/bin'), ('_', '/usr/local/bin/colcon'), ('RUBY_VERSION', 'ruby-2.4.1'), ('ROS_VERSION', '1'), ('C9_PORT', '8080'), ('PKG_CONFIG_PATH', '/opt/ros/melodic/lib/pkgconfig'), ('IRBRC', '/usr/local/rvm/rubies/ruby-2.4.1/.irbrc'), ('XDG_SESSION_ID', '3'), ('TERM', 'screen'), ('PATH', '/home/ubuntu/.nvm/versions/node/v8.17.0/bin:/opt/ros/melodic/bin:/usr/local/rvm/gems/ruby-2.4.1/bin:/usr/local/rvm/gems/ruby-2.4.1@global/bin:/usr/local/rvm/rubies/ruby-2.4.1/bin:/usr/local/sbin:/usr/local/bin:/usr/sbin:/usr/bin:/sbin:/bin:/usr/games:/usr/local/games:/snap/bin:/home/ubuntu/.local/bin:/home/ubuntu/bin:/usr/local/rvm/bin:/home/ubuntu/.local/bin:/home/ubuntu/bin'), ('NVM_IOJS_ORG_MIRROR', 'https://iojs.org/dist'), ('XDG_RUNTIME_DIR', '/run/user/1000'), ('MY_RUBY_HOME', '/usr/local/rvm/rubies/ruby-2.4.1'), ('LANG', 'C.UTF-8'), ('HISTSIZE', '100000'), ('ROS_ROOT', '/opt/ros/melodic/share/ros'), ('ROSLISP_PACKAGE_DIRECTORIES', ''), ('C9_HOSTNAME', '3.223.140.38'), ('NODE_PATH', '/home/ubuntu/.c9/node_modules'), ('SHELL', '/bin/bash'), ('ROS_MASTER_URI', 'http://localhost:11311'), ('rvm_prefix', '/usr/local'), ('PROMPT_COMMAND', 'history -a;'), ('_system_type', 'Linux'), ('GEM_HOME', '/usr/local/rvm/gems/ruby-2.4.1'), ('C9_PID', '0c444175a44e49aa90f0c3fb169903df'), ('rvm_version', '1.29.3 (1.29.3)'), ('_system_arch', 'x86_64'), ('C9_PROJECT', 'robot-Liu'), ('PWD', '/home/ubuntu/environment/HelloWorld/robot_ws/build/turtlebot3_description_reduced_mesh'), ('GEM_PATH', '/usr/local/rvm/gems/ruby-2.4.1:/usr/local/rvm/gems/ruby-2.4.1@global'), ('SSH_CONNECTION', '35.172.155.193 6693 172.31.12.121 22'), ('NVM_CD_FLAGS', ''), ('XDG_DATA_DIRS', '/usr/local/share:/usr/share:/var/lib/snapd/desktop'), ('IP', '127.0.0.1'), ('_system_name', 'Ubuntu'), ('PYTHONPATH', '/opt/ros/melodic/lib/python2.7/dist-packages'), ('COLCON', '1'), ('rvm_path', '/usr/local/rvm'), ('TMUX_PANE', '%0'), ('MANPATH', '/home/ubuntu/.nvm/versions/node/v8.17.0/share/man:/usr/local/rvm/rubies/ruby-2.4.1/share/man:/usr/local/man:/usr/local/share/man:/usr/share/man:/usr/local/rvm/man'), ('EDITOR', ''), ('CMAKE_PREFIX_PATH', '/opt/ros/melodic')]), 'shell': False}
[0.061157] (turtlebot3_description_reduced_mesh) StdoutLine: {'line': b'-- Using CATKIN_DEVEL_PREFIX: /home/ubuntu/environment/HelloWorld/robot_ws/build/turtlebot3_description_reduced_mesh/devel\n'}
[0.061632] (turtlebot3_description_reduced_mesh) StdoutLine: {'line': b'-- Using CMAKE_PREFIX_PATH: /opt/ros/melodic\n'}
[0.061992] (turtlebot3_description_reduced_mesh) StdoutLine: {'line': b'-- This workspace overlays: /opt/ros/melodic\n'}
[0.078787] (turtlebot3_description_reduced_mesh) StdoutLine: {'line': b'-- Found PythonInterp: /usr/bin/python2 (found suitable version "2.7.17", minimum required is "2") \n'}
[0.079200] (turtlebot3_description_reduced_mesh) StdoutLine: {'line': b'-- Using PYTHON_EXECUTABLE: /usr/bin/python2\n'}
[0.079499] (turtlebot3_description_reduced_mesh) StdoutLine: {'line': b'-- Using Debian Python package layout\n'}
[0.079838] (turtlebot3_description_reduced_mesh) StdoutLine: {'line': b'-- Using empy: /usr/bin/empy\n'}
[0.098512] (-) TimerEvent: {}
[0.199263] (-) TimerEvent: {}
[0.265986] (turtlebot3_description_reduced_mesh) StdoutLine: {'line': b'-- Using CATKIN_ENABLE_TESTING: ON\n'}
[0.266396] (turtlebot3_description_reduced_mesh) StdoutLine: {'line': b'-- Call enable_testing()\n'}
[0.267421] (turtlebot3_description_reduced_mesh) StdoutLine: {'line': b'-- Using CATKIN_TEST_RESULTS_DIR: /home/ubuntu/environment/HelloWorld/robot_ws/build/turtlebot3_description_reduced_mesh/test_results\n'}
[0.285690] (turtlebot3_description_reduced_mesh) StdoutLine: {'line': b"-- Found gtest sources under '/usr/src/googletest': gtests will be built\n"}
[0.286005] (turtlebot3_description_reduced_mesh) StdoutLine: {'line': b"-- Found gmock sources under '/usr/src/googletest': gmock will be built\n"}
[0.299418] (-) TimerEvent: {}
[0.301770] (turtlebot3_description_reduced_mesh) StdoutLine: {'line': b'-- Found PythonInterp: /usr/bin/python2 (found version "2.7.17") \n'}
[0.309086] (turtlebot3_description_reduced_mesh) StdoutLine: {'line': b'-- Using Python nosetests: /usr/bin/nosetests-2.7\n'}
[0.356292] (turtlebot3_description_reduced_mesh) StdoutLine: {'line': b'-- catkin 0.7.29\n'}
[0.356606] (turtlebot3_description_reduced_mesh) StdoutLine: {'line': b'-- BUILD_SHARED_LIBS is on\n'}
[0.399602] (-) TimerEvent: {}
[0.456132] (turtlebot3_description_reduced_mesh) StdoutLine: {'line': b'-- Could NOT find gazebo_ros (missing: gazebo_ros_DIR)\n'}
[0.456521] (turtlebot3_description_reduced_mesh) StdoutLine: {'line': b"-- Could not find the required component 'gazebo_ros'. The following CMake error indicates that you either need to install the package with the same name or change your environment so that it can be found.\n"}
[0.456928] (turtlebot3_description_reduced_mesh) StderrLine: {'line': b'CMake Error at /opt/ros/melodic/share/catkin/cmake/catkinConfig.cmake:83 (find_package):\n'}
[0.457176] (turtlebot3_description_reduced_mesh) StderrLine: {'line': b'  Could not find a package configuration file provided by "gazebo_ros" with\n'}
[0.457390] (turtlebot3_description_reduced_mesh) StderrLine: {'line': b'  any of the following names:\n'}
[0.457582] (turtlebot3_description_reduced_mesh) StderrLine: {'line': b'\n'}
[0.457825] (turtlebot3_description_reduced_mesh) StderrLine: {'line': b'    gazebo_rosConfig.cmake\n'}
[0.458014] (turtlebot3_description_reduced_mesh) StderrLine: {'line': b'    gazebo_ros-config.cmake\n'}
[0.458200] (turtlebot3_description_reduced_mesh) StderrLine: {'line': b'\n'}
[0.458408] (turtlebot3_description_reduced_mesh) StderrLine: {'line': b'  Add the installation prefix of "gazebo_ros" to CMAKE_PREFIX_PATH or set\n'}
[0.458640] (turtlebot3_description_reduced_mesh) StderrLine: {'line': b'  "gazebo_ros_DIR" to a directory containing one of the above files.  If\n'}
[0.458838] (turtlebot3_description_reduced_mesh) StderrLine: {'line': b'  "gazebo_ros" provides a separate development package or SDK, be sure it has\n'}
[0.459024] (turtlebot3_description_reduced_mesh) StderrLine: {'line': b'  been installed.\n'}
[0.459203] (turtlebot3_description_reduced_mesh) StderrLine: {'line': b'Call Stack (most recent call first):\n'}
[0.459400] (turtlebot3_description_reduced_mesh) StderrLine: {'line': b'  CMakeLists.txt:4 (find_package)\n'}
[0.459599] (turtlebot3_description_reduced_mesh) StderrLine: {'line': b'\n'}
[0.459771] (turtlebot3_description_reduced_mesh) StderrLine: {'line': b'\n'}
[0.460025] (turtlebot3_description_reduced_mesh) StdoutLine: {'line': b'-- Configuring incomplete, errors occurred!\n'}
[0.460216] (turtlebot3_description_reduced_mesh) StdoutLine: {'line': b'See also "/home/ubuntu/environment/HelloWorld/robot_ws/build/turtlebot3_description_reduced_mesh/CMakeFiles/CMakeOutput.log".\n'}
[0.460393] (turtlebot3_description_reduced_mesh) StdoutLine: {'line': b'See also "/home/ubuntu/environment/HelloWorld/robot_ws/build/turtlebot3_description_reduced_mesh/CMakeFiles/CMakeError.log".\n'}
[0.462772] (turtlebot3_description_reduced_mesh) CommandEnded: {'returncode': 1}
[0.499825] (-) TimerEvent: {}
[0.520481] (turtlebot3_description_reduced_mesh) JobEnded: {'identifier': 'turtlebot3_description_reduced_mesh', 'rc': 1}
[0.531360] (hello_world_robot) JobSkipped: {'identifier': 'hello_world_robot'}
[0.531422] (-) EventReactorShutdown: {}
