Determining if the pthread_create exist failed with the following output:
Change Dir: /home/ubuntu/environment/HelloWorld/robot_ws/build/hello_world_robot/CMakeFiles/CMakeTmp

Run Build Command:"/usr/bin/make" "cmTC_bc559/fast"
/usr/bin/make -f CMakeFiles/cmTC_bc559.dir/build.make CMakeFiles/cmTC_bc559.dir/build
make[1]: Entering directory '/home/ubuntu/environment/HelloWorld/robot_ws/build/hello_world_robot/CMakeFiles/CMakeTmp'
Building C object CMakeFiles/cmTC_bc559.dir/CheckSymbolExists.c.o
/usr/bin/cc    -o CMakeFiles/cmTC_bc559.dir/CheckSymbolExists.c.o   -c /home/ubuntu/environment/HelloWorld/robot_ws/build/hello_world_robot/CMakeFiles/CMakeTmp/CheckSymbolExists.c
Linking C executable cmTC_bc559
/usr/bin/cmake -E cmake_link_script CMakeFiles/cmTC_bc559.dir/link.txt --verbose=1
/usr/bin/cc      -rdynamic CMakeFiles/cmTC_bc559.dir/CheckSymbolExists.c.o  -o cmTC_bc559 
CMakeFiles/cmTC_bc559.dir/CheckSymbolExists.c.o: In function `main':
CheckSymbolExists.c:(.text+0x1b): undefined reference to `pthread_create'
collect2: error: ld returned 1 exit status
CMakeFiles/cmTC_bc559.dir/build.make:97: recipe for target 'cmTC_bc559' failed
make[1]: *** [cmTC_bc559] Error 1
make[1]: Leaving directory '/home/ubuntu/environment/HelloWorld/robot_ws/build/hello_world_robot/CMakeFiles/CMakeTmp'
Makefile:126: recipe for target 'cmTC_bc559/fast' failed
make: *** [cmTC_bc559/fast] Error 2

File /home/ubuntu/environment/HelloWorld/robot_ws/build/hello_world_robot/CMakeFiles/CMakeTmp/CheckSymbolExists.c:
/* */
#include <pthread.h>

int main(int argc, char** argv)
{
  (void)argv;
#ifndef pthread_create
  return ((int*)(&pthread_create))[argc];
#else
  (void)argc;
  return 0;
#endif
}

Determining if the function pthread_create exists in the pthreads failed with the following output:
Change Dir: /home/ubuntu/environment/HelloWorld/robot_ws/build/hello_world_robot/CMakeFiles/CMakeTmp

Run Build Command:"/usr/bin/make" "cmTC_6844c/fast"
/usr/bin/make -f CMakeFiles/cmTC_6844c.dir/build.make CMakeFiles/cmTC_6844c.dir/build
make[1]: Entering directory '/home/ubuntu/environment/HelloWorld/robot_ws/build/hello_world_robot/CMakeFiles/CMakeTmp'
Building C object CMakeFiles/cmTC_6844c.dir/CheckFunctionExists.c.o
/usr/bin/cc   -DCHECK_FUNCTION_EXISTS=pthread_create   -o CMakeFiles/cmTC_6844c.dir/CheckFunctionExists.c.o   -c /usr/share/cmake-3.10/Modules/CheckFunctionExists.c
Linking C executable cmTC_6844c
/usr/bin/cmake -E cmake_link_script CMakeFiles/cmTC_6844c.dir/link.txt --verbose=1
/usr/bin/cc  -DCHECK_FUNCTION_EXISTS=pthread_create    -rdynamic CMakeFiles/cmTC_6844c.dir/CheckFunctionExists.c.o  -o cmTC_6844c -lpthreads 
/usr/bin/ld: cannot find -lpthreads
collect2: error: ld returned 1 exit status
CMakeFiles/cmTC_6844c.dir/build.make:97: recipe for target 'cmTC_6844c' failed
make[1]: *** [cmTC_6844c] Error 1
make[1]: Leaving directory '/home/ubuntu/environment/HelloWorld/robot_ws/build/hello_world_robot/CMakeFiles/CMakeTmp'
Makefile:126: recipe for target 'cmTC_6844c/fast' failed
make: *** [cmTC_6844c/fast] Error 2


