[0.000000] (-) TimerEvent: {}
[0.000338] (hello_world_simulation) JobQueued: {'identifier': 'hello_world_simulation', 'dependencies': OrderedDict()}
[0.000416] (turtlebot3_description_reduced_mesh) JobQueued: {'identifier': 'turtlebot3_description_reduced_mesh', 'dependencies': OrderedDict()}
[0.000476] (hello_world_simulation) JobStarted: {'identifier': 'hello_world_simulation'}
[0.053344] (turtlebot3_description_reduced_mesh) JobStarted: {'identifier': 'turtlebot3_description_reduced_mesh'}
[0.078845] (hello_world_simulation) JobProgress: {'identifier': 'hello_world_simulation', 'progress': 'cmake'}
[0.079578] (hello_world_simulation) Command: {'cmd': ['/usr/bin/cmake', '/home/ubuntu/environment/HelloWorld/simulation_ws/src/hello_world_simulation', '-DCATKIN_INSTALL_INTO_PREFIX_ROOT=0', '-DCMAKE_INSTALL_PREFIX=/home/ubuntu/environment/HelloWorld/simulation_ws/install/hello_world_simulation'], 'cwd': '/home/ubuntu/environment/HelloWorld/simulation_ws/build/hello_world_simulation', 'env': OrderedDict([('TMUX', '/tmp/tmux-1000/cloud92.2,2361,5'), ('MAIL', '/var/mail/ubuntu'), ('USER', 'ubuntu'), ('_system_version', '18.04'), ('SSH_CLIENT', '35.172.155.193 37291 22'), ('ROS_PACKAGE_PATH', '/opt/ros/melodic/share'), ('LD_LIBRARY_PATH', '/opt/ros/melodic/lib'), ('ROS_ETC_DIR', '/opt/ros/melodic/etc/ros'), ('SHLVL', '4'), ('HOME', '/home/ubuntu'), ('PORT', '8080'), ('ISOUTPUTPANE', '1'), ('NVM_BIN', '/home/ubuntu/.nvm/versions/node/v8.17.0/bin'), ('NVM_NODEJS_ORG_MIRROR', 'https://nodejs.org/dist'), ('ROS_PYTHON_VERSION', '2'), ('C9_USER', 'vocstartsoft'), ('NVM_DIR', '/home/ubuntu/.nvm'), ('NVM_PATH', '/home/ubuntu/.nvm/versions/node/v8.17.0/lib/node'), ('ROS_DISTRO', 'melodic'), ('HGUSER', 'vocstartsoft'), ('LOGNAME', 'ubuntu'), ('rvm_bin_path', '/usr/local/rvm/bin'), ('_', '/usr/local/bin/colcon'), ('RUBY_VERSION', 'ruby-2.4.1'), ('ROS_VERSION', '1'), ('C9_PORT', '8080'), ('PKG_CONFIG_PATH', '/opt/ros/melodic/lib/pkgconfig'), ('IRBRC', '/usr/local/rvm/rubies/ruby-2.4.1/.irbrc'), ('XDG_SESSION_ID', '3'), ('TERM', 'xterm-256color'), ('PATH', '/opt/ros/melodic/bin:/home/ubuntu/.nvm/versions/node/v8.17.0/bin:/usr/local/rvm/gems/ruby-2.4.1/bin:/usr/local/rvm/gems/ruby-2.4.1@global/bin:/usr/local/rvm/rubies/ruby-2.4.1/bin:/usr/local/sbin:/usr/local/bin:/usr/sbin:/usr/bin:/sbin:/bin:/usr/games:/usr/local/games:/snap/bin:/home/ubuntu/.local/bin:/home/ubuntu/bin:/home/ubuntu/.local/bin:/home/ubuntu/bin:/usr/local/rvm/bin:/home/ubuntu/.local/bin:/home/ubuntu/bin'), ('NVM_IOJS_ORG_MIRROR', 'https://iojs.org/dist'), ('XDG_RUNTIME_DIR', '/run/user/1000'), ('MY_RUBY_HOME', '/usr/local/rvm/rubies/ruby-2.4.1'), ('LANG', 'C.UTF-8'), ('ROS_ROOT', '/opt/ros/melodic/share/ros'), ('ROSLISP_PACKAGE_DIRECTORIES', ''), ('C9_HOSTNAME', '3.210.197.198'), ('NODE_PATH', '/home/ubuntu/.c9/node_modules'), ('SHELL', '/bin/bash'), ('ROS_MASTER_URI', 'http://localhost:11311'), ('rvm_prefix', '/usr/local'), ('_system_type', 'Linux'), ('GEM_HOME', '/usr/local/rvm/gems/ruby-2.4.1'), ('C9_PID', '0c444175a44e49aa90f0c3fb169903df'), ('rvm_version', '1.29.3 (1.29.3)'), ('_system_arch', 'x86_64'), ('C9_PROJECT', 'robot-Liu'), ('PWD', '/home/ubuntu/environment/HelloWorld/simulation_ws/build/hello_world_simulation'), ('GEM_PATH', '/usr/local/rvm/gems/ruby-2.4.1:/usr/local/rvm/gems/ruby-2.4.1@global'), ('SSH_CONNECTION', '35.172.155.193 37291 172.31.12.121 22'), ('NVM_CD_FLAGS', ''), ('XDG_DATA_DIRS', '/usr/local/share:/usr/share:/var/lib/snapd/desktop'), ('IP', '127.0.0.1'), ('_system_name', 'Ubuntu'), ('PYTHONPATH', '/opt/ros/melodic/lib/python2.7/dist-packages'), ('COLCON', '1'), ('rvm_path', '/usr/local/rvm'), ('TMUX_PANE', '%5'), ('MANPATH', '/home/ubuntu/.nvm/versions/node/v8.17.0/share/man:/usr/local/rvm/rubies/ruby-2.4.1/share/man:/usr/local/man:/usr/local/share/man:/usr/share/man:/usr/local/rvm/man'), ('EDITOR', ''), ('CMAKE_PREFIX_PATH', '/opt/ros/melodic')]), 'shell': False}
[0.087861] (turtlebot3_description_reduced_mesh) JobProgress: {'identifier': 'turtlebot3_description_reduced_mesh', 'progress': 'cmake'}
[0.088229] (turtlebot3_description_reduced_mesh) Command: {'cmd': ['/usr/bin/cmake', '/home/ubuntu/environment/HelloWorld/simulation_ws/src/deps/turtlebot3-description-reduced-mesh', '-DCATKIN_INSTALL_INTO_PREFIX_ROOT=0', '-DCMAKE_INSTALL_PREFIX=/home/ubuntu/environment/HelloWorld/simulation_ws/install/turtlebot3_description_reduced_mesh'], 'cwd': '/home/ubuntu/environment/HelloWorld/simulation_ws/build/turtlebot3_description_reduced_mesh', 'env': OrderedDict([('TMUX', '/tmp/tmux-1000/cloud92.2,2361,5'), ('MAIL', '/var/mail/ubuntu'), ('USER', 'ubuntu'), ('_system_version', '18.04'), ('SSH_CLIENT', '35.172.155.193 37291 22'), ('ROS_PACKAGE_PATH', '/opt/ros/melodic/share'), ('LD_LIBRARY_PATH', '/opt/ros/melodic/lib'), ('ROS_ETC_DIR', '/opt/ros/melodic/etc/ros'), ('SHLVL', '4'), ('HOME', '/home/ubuntu'), ('PORT', '8080'), ('ISOUTPUTPANE', '1'), ('NVM_BIN', '/home/ubuntu/.nvm/versions/node/v8.17.0/bin'), ('NVM_NODEJS_ORG_MIRROR', 'https://nodejs.org/dist'), ('ROS_PYTHON_VERSION', '2'), ('C9_USER', 'vocstartsoft'), ('NVM_DIR', '/home/ubuntu/.nvm'), ('NVM_PATH', '/home/ubuntu/.nvm/versions/node/v8.17.0/lib/node'), ('ROS_DISTRO', 'melodic'), ('HGUSER', 'vocstartsoft'), ('LOGNAME', 'ubuntu'), ('rvm_bin_path', '/usr/local/rvm/bin'), ('_', '/usr/local/bin/colcon'), ('RUBY_VERSION', 'ruby-2.4.1'), ('ROS_VERSION', '1'), ('C9_PORT', '8080'), ('PKG_CONFIG_PATH', '/opt/ros/melodic/lib/pkgconfig'), ('IRBRC', '/usr/local/rvm/rubies/ruby-2.4.1/.irbrc'), ('XDG_SESSION_ID', '3'), ('TERM', 'xterm-256color'), ('PATH', '/opt/ros/melodic/bin:/home/ubuntu/.nvm/versions/node/v8.17.0/bin:/usr/local/rvm/gems/ruby-2.4.1/bin:/usr/local/rvm/gems/ruby-2.4.1@global/bin:/usr/local/rvm/rubies/ruby-2.4.1/bin:/usr/local/sbin:/usr/local/bin:/usr/sbin:/usr/bin:/sbin:/bin:/usr/games:/usr/local/games:/snap/bin:/home/ubuntu/.local/bin:/home/ubuntu/bin:/home/ubuntu/.local/bin:/home/ubuntu/bin:/usr/local/rvm/bin:/home/ubuntu/.local/bin:/home/ubuntu/bin'), ('NVM_IOJS_ORG_MIRROR', 'https://iojs.org/dist'), ('XDG_RUNTIME_DIR', '/run/user/1000'), ('MY_RUBY_HOME', '/usr/local/rvm/rubies/ruby-2.4.1'), ('LANG', 'C.UTF-8'), ('ROS_ROOT', '/opt/ros/melodic/share/ros'), ('ROSLISP_PACKAGE_DIRECTORIES', ''), ('C9_HOSTNAME', '3.210.197.198'), ('NODE_PATH', '/home/ubuntu/.c9/node_modules'), ('SHELL', '/bin/bash'), ('ROS_MASTER_URI', 'http://localhost:11311'), ('rvm_prefix', '/usr/local'), ('_system_type', 'Linux'), ('GEM_HOME', '/usr/local/rvm/gems/ruby-2.4.1'), ('C9_PID', '0c444175a44e49aa90f0c3fb169903df'), ('rvm_version', '1.29.3 (1.29.3)'), ('_system_arch', 'x86_64'), ('C9_PROJECT', 'robot-Liu'), ('PWD', '/home/ubuntu/environment/HelloWorld/simulation_ws/build/turtlebot3_description_reduced_mesh'), ('GEM_PATH', '/usr/local/rvm/gems/ruby-2.4.1:/usr/local/rvm/gems/ruby-2.4.1@global'), ('SSH_CONNECTION', '35.172.155.193 37291 172.31.12.121 22'), ('NVM_CD_FLAGS', ''), ('XDG_DATA_DIRS', '/usr/local/share:/usr/share:/var/lib/snapd/desktop'), ('IP', '127.0.0.1'), ('_system_name', 'Ubuntu'), ('PYTHONPATH', '/opt/ros/melodic/lib/python2.7/dist-packages'), ('COLCON', '1'), ('rvm_path', '/usr/local/rvm'), ('TMUX_PANE', '%5'), ('MANPATH', '/home/ubuntu/.nvm/versions/node/v8.17.0/share/man:/usr/local/rvm/rubies/ruby-2.4.1/share/man:/usr/local/man:/usr/local/share/man:/usr/share/man:/usr/local/rvm/man'), ('EDITOR', ''), ('CMAKE_PREFIX_PATH', '/opt/ros/melodic')]), 'shell': False}
[0.098425] (-) TimerEvent: {}
[0.198837] (-) TimerEvent: {}
[0.299230] (-) TimerEvent: {}
[0.399675] (-) TimerEvent: {}
[0.500127] (-) TimerEvent: {}
[0.600655] (-) TimerEvent: {}
[0.689625] (turtlebot3_description_reduced_mesh) StdoutLine: {'line': b'-- The C compiler identification is GNU 7.5.0\n'}
[0.690182] (hello_world_simulation) StdoutLine: {'line': b'-- The C compiler identification is GNU 7.5.0\n'}
[0.700745] (-) TimerEvent: {}
[0.801408] (-) TimerEvent: {}
[0.901852] (-) TimerEvent: {}
[1.002314] (-) TimerEvent: {}
[1.038033] (hello_world_simulation) StdoutLine: {'line': b'-- The CXX compiler identification is GNU 7.5.0\n'}
[1.038501] (turtlebot3_description_reduced_mesh) StdoutLine: {'line': b'-- The CXX compiler identification is GNU 7.5.0\n'}
[1.058877] (hello_world_simulation) StdoutLine: {'line': b'-- Check for working C compiler: /usr/bin/cc\n'}
[1.059221] (turtlebot3_description_reduced_mesh) StdoutLine: {'line': b'-- Check for working C compiler: /usr/bin/cc\n'}
[1.102414] (-) TimerEvent: {}
[1.202798] (-) TimerEvent: {}
[1.215828] (turtlebot3_description_reduced_mesh) StdoutLine: {'line': b'-- Check for working C compiler: /usr/bin/cc -- works\n'}
[1.218691] (turtlebot3_description_reduced_mesh) StdoutLine: {'line': b'-- Detecting C compiler ABI info\n'}
[1.224124] (hello_world_simulation) StdoutLine: {'line': b'-- Check for working C compiler: /usr/bin/cc -- works\n'}
[1.225640] (hello_world_simulation) StdoutLine: {'line': b'-- Detecting C compiler ABI info\n'}
[1.302943] (-) TimerEvent: {}
[1.403463] (-) TimerEvent: {}
[1.434238] (hello_world_simulation) StdoutLine: {'line': b'-- Detecting C compiler ABI info - done\n'}
[1.480847] (turtlebot3_description_reduced_mesh) StdoutLine: {'line': b'-- Detecting C compiler ABI info - done\n'}
[1.485954] (hello_world_simulation) StdoutLine: {'line': b'-- Detecting C compile features\n'}
[1.503558] (-) TimerEvent: {}
[1.517101] (turtlebot3_description_reduced_mesh) StdoutLine: {'line': b'-- Detecting C compile features\n'}
[1.603717] (-) TimerEvent: {}
[1.704536] (-) TimerEvent: {}
[1.805392] (-) TimerEvent: {}
[1.906255] (-) TimerEvent: {}
[2.007611] (-) TimerEvent: {}
[2.109006] (-) TimerEvent: {}
[2.115641] (hello_world_simulation) StdoutLine: {'line': b'-- Detecting C compile features - done\n'}
[2.117005] (turtlebot3_description_reduced_mesh) StdoutLine: {'line': b'-- Detecting C compile features - done\n'}
[2.126776] (turtlebot3_description_reduced_mesh) StdoutLine: {'line': b'-- Check for working CXX compiler: /usr/bin/c++\n'}
[2.127092] (hello_world_simulation) StdoutLine: {'line': b'-- Check for working CXX compiler: /usr/bin/c++\n'}
[2.209186] (-) TimerEvent: {}
[2.298104] (hello_world_simulation) StdoutLine: {'line': b'-- Check for working CXX compiler: /usr/bin/c++ -- works\n'}
[2.298516] (hello_world_simulation) StdoutLine: {'line': b'-- Detecting CXX compiler ABI info\n'}
[2.309276] (-) TimerEvent: {}
[2.326979] (turtlebot3_description_reduced_mesh) StdoutLine: {'line': b'-- Check for working CXX compiler: /usr/bin/c++ -- works\n'}
[2.328729] (turtlebot3_description_reduced_mesh) StdoutLine: {'line': b'-- Detecting CXX compiler ABI info\n'}
[2.409456] (-) TimerEvent: {}
[2.510050] (-) TimerEvent: {}
[2.551811] (hello_world_simulation) StdoutLine: {'line': b'-- Detecting CXX compiler ABI info - done\n'}
[2.593992] (hello_world_simulation) StdoutLine: {'line': b'-- Detecting CXX compile features\n'}
[2.610149] (-) TimerEvent: {}
[2.641938] (turtlebot3_description_reduced_mesh) StdoutLine: {'line': b'-- Detecting CXX compiler ABI info - done\n'}
[2.667280] (turtlebot3_description_reduced_mesh) StdoutLine: {'line': b'-- Detecting CXX compile features\n'}
[2.710261] (-) TimerEvent: {}
[2.810974] (-) TimerEvent: {}
[2.911885] (-) TimerEvent: {}
[3.013255] (-) TimerEvent: {}
[3.114635] (-) TimerEvent: {}
[3.215908] (-) TimerEvent: {}
[3.317383] (-) TimerEvent: {}
[3.418926] (-) TimerEvent: {}
[3.520332] (-) TimerEvent: {}
[3.621791] (-) TimerEvent: {}
[3.723308] (-) TimerEvent: {}
[3.824606] (-) TimerEvent: {}
[3.925962] (-) TimerEvent: {}
[3.989062] (turtlebot3_description_reduced_mesh) StdoutLine: {'line': b'-- Detecting CXX compile features - done\n'}
[3.996774] (turtlebot3_description_reduced_mesh) StdoutLine: {'line': b'-- Using CATKIN_DEVEL_PREFIX: /home/ubuntu/environment/HelloWorld/simulation_ws/build/turtlebot3_description_reduced_mesh/devel\n'}
[3.997134] (turtlebot3_description_reduced_mesh) StdoutLine: {'line': b'-- Using CMAKE_PREFIX_PATH: /opt/ros/melodic\n'}
[3.997457] (turtlebot3_description_reduced_mesh) StdoutLine: {'line': b'-- This workspace overlays: /opt/ros/melodic\n'}
[4.023187] (hello_world_simulation) StdoutLine: {'line': b'-- Detecting CXX compile features - done\n'}
[4.026011] (-) TimerEvent: {}
[4.030387] (hello_world_simulation) StdoutLine: {'line': b'-- Using CATKIN_DEVEL_PREFIX: /home/ubuntu/environment/HelloWorld/simulation_ws/build/hello_world_simulation/devel\n'}
[4.030717] (hello_world_simulation) StdoutLine: {'line': b'-- Using CMAKE_PREFIX_PATH: /opt/ros/melodic\n'}
[4.031001] (hello_world_simulation) StdoutLine: {'line': b'-- This workspace overlays: /opt/ros/melodic\n'}
[4.052309] (turtlebot3_description_reduced_mesh) StdoutLine: {'line': b'-- Found PythonInterp: /usr/bin/python2 (found suitable version "2.7.17", minimum required is "2") \n'}
[4.052931] (turtlebot3_description_reduced_mesh) StdoutLine: {'line': b'-- Using PYTHON_EXECUTABLE: /usr/bin/python2\n'}
[4.053400] (turtlebot3_description_reduced_mesh) StdoutLine: {'line': b'-- Using Debian Python package layout\n'}
[4.055071] (turtlebot3_description_reduced_mesh) StdoutLine: {'line': b'-- Using empy: /usr/bin/empy\n'}
[4.060524] (hello_world_simulation) StdoutLine: {'line': b'-- Found PythonInterp: /usr/bin/python2 (found suitable version "2.7.17", minimum required is "2") \n'}
[4.060868] (hello_world_simulation) StdoutLine: {'line': b'-- Using PYTHON_EXECUTABLE: /usr/bin/python2\n'}
[4.061083] (hello_world_simulation) StdoutLine: {'line': b'-- Using Debian Python package layout\n'}
[4.061518] (hello_world_simulation) StdoutLine: {'line': b'-- Using empy: /usr/bin/empy\n'}
[4.126119] (-) TimerEvent: {}
[4.226785] (-) TimerEvent: {}
[4.327511] (-) TimerEvent: {}
[4.350660] (hello_world_simulation) StdoutLine: {'line': b'-- Using CATKIN_ENABLE_TESTING: ON\n'}
[4.351236] (hello_world_simulation) StdoutLine: {'line': b'-- Call enable_testing()\n'}
[4.351548] (turtlebot3_description_reduced_mesh) StdoutLine: {'line': b'-- Using CATKIN_ENABLE_TESTING: ON\n'}
[4.351696] (turtlebot3_description_reduced_mesh) StdoutLine: {'line': b'-- Call enable_testing()\n'}
[4.356393] (turtlebot3_description_reduced_mesh) StdoutLine: {'line': b'-- Using CATKIN_TEST_RESULTS_DIR: /home/ubuntu/environment/HelloWorld/simulation_ws/build/turtlebot3_description_reduced_mesh/test_results\n'}
[4.356645] (hello_world_simulation) StdoutLine: {'line': b'-- Using CATKIN_TEST_RESULTS_DIR: /home/ubuntu/environment/HelloWorld/simulation_ws/build/hello_world_simulation/test_results\n'}
[4.407541] (turtlebot3_description_reduced_mesh) StdoutLine: {'line': b"-- Found gtest sources under '/usr/src/googletest': gtests will be built\n"}
[4.407860] (turtlebot3_description_reduced_mesh) StdoutLine: {'line': b"-- Found gmock sources under '/usr/src/googletest': gmock will be built\n"}
[4.408130] (hello_world_simulation) StdoutLine: {'line': b"-- Found gtest sources under '/usr/src/googletest': gtests will be built\n"}
[4.408608] (hello_world_simulation) StdoutLine: {'line': b"-- Found gmock sources under '/usr/src/googletest': gmock will be built\n"}
[4.427621] (-) TimerEvent: {}
[4.437218] (hello_world_simulation) StdoutLine: {'line': b'-- Found PythonInterp: /usr/bin/python2 (found version "2.7.17") \n'}
[4.437540] (turtlebot3_description_reduced_mesh) StdoutLine: {'line': b'-- Found PythonInterp: /usr/bin/python2 (found version "2.7.17") \n'}
[4.442756] (turtlebot3_description_reduced_mesh) StdoutLine: {'line': b'-- Looking for pthread.h\n'}
[4.443072] (hello_world_simulation) StdoutLine: {'line': b'-- Looking for pthread.h\n'}
[4.527762] (-) TimerEvent: {}
[4.607203] (hello_world_simulation) StdoutLine: {'line': b'-- Looking for pthread.h - found\n'}
[4.607539] (turtlebot3_description_reduced_mesh) StdoutLine: {'line': b'-- Looking for pthread.h - found\n'}
[4.607973] (turtlebot3_description_reduced_mesh) StdoutLine: {'line': b'-- Looking for pthread_create\n'}
[4.617969] (hello_world_simulation) StdoutLine: {'line': b'-- Looking for pthread_create\n'}
[4.627882] (-) TimerEvent: {}
[4.728437] (-) TimerEvent: {}
[4.743119] (hello_world_simulation) StdoutLine: {'line': b'-- Looking for pthread_create - not found\n'}
[4.743909] (hello_world_simulation) StdoutLine: {'line': b'-- Looking for pthread_create in pthreads\n'}
[4.750400] (turtlebot3_description_reduced_mesh) StdoutLine: {'line': b'-- Looking for pthread_create - not found\n'}
[4.750766] (turtlebot3_description_reduced_mesh) StdoutLine: {'line': b'-- Looking for pthread_create in pthreads\n'}
[4.828606] (-) TimerEvent: {}
[4.865949] (hello_world_simulation) StdoutLine: {'line': b'-- Looking for pthread_create in pthreads - not found\n'}
[4.866253] (hello_world_simulation) StdoutLine: {'line': b'-- Looking for pthread_create in pthread\n'}
[4.869920] (turtlebot3_description_reduced_mesh) StdoutLine: {'line': b'-- Looking for pthread_create in pthreads - not found\n'}
[4.870469] (turtlebot3_description_reduced_mesh) StdoutLine: {'line': b'-- Looking for pthread_create in pthread\n'}
[4.928826] (-) TimerEvent: {}
[5.001929] (hello_world_simulation) StdoutLine: {'line': b'-- Looking for pthread_create in pthread - found\n'}
[5.002328] (turtlebot3_description_reduced_mesh) StdoutLine: {'line': b'-- Looking for pthread_create in pthread - found\n'}
[5.002551] (hello_world_simulation) StdoutLine: {'line': b'-- Found Threads: TRUE  \n'}
[5.002748] (turtlebot3_description_reduced_mesh) StdoutLine: {'line': b'-- Found Threads: TRUE  \n'}
[5.007376] (hello_world_simulation) StdoutLine: {'line': b'-- Using Python nosetests: /usr/bin/nosetests-2.7\n'}
[5.007667] (turtlebot3_description_reduced_mesh) StdoutLine: {'line': b'-- Using Python nosetests: /usr/bin/nosetests-2.7\n'}
[5.028918] (-) TimerEvent: {}
[5.125615] (hello_world_simulation) StdoutLine: {'line': b'-- catkin 0.7.29\n'}
[5.125945] (hello_world_simulation) StdoutLine: {'line': b'-- BUILD_SHARED_LIBS is on\n'}
[5.126145] (turtlebot3_description_reduced_mesh) StdoutLine: {'line': b'-- catkin 0.7.29\n'}
[5.126332] (turtlebot3_description_reduced_mesh) StdoutLine: {'line': b'-- BUILD_SHARED_LIBS is on\n'}
[5.129026] (-) TimerEvent: {}
[5.230017] (-) TimerEvent: {}
[5.330583] (-) TimerEvent: {}
[5.431088] (-) TimerEvent: {}
[5.531511] (-) TimerEvent: {}
[5.629485] (hello_world_simulation) StdoutLine: {'line': b'-- Using these message generators: gencpp;geneus;genlisp;gennodejs;genpy\n'}
[5.629967] (turtlebot3_description_reduced_mesh) StdoutLine: {'line': b'-- Using these message generators: gencpp;geneus;genlisp;gennodejs;genpy\n'}
[5.631624] (-) TimerEvent: {}
[5.731975] (-) TimerEvent: {}
[5.832289] (-) TimerEvent: {}
[5.932701] (-) TimerEvent: {}
[6.033134] (-) TimerEvent: {}
[6.133567] (-) TimerEvent: {}
[6.177061] (turtlebot3_description_reduced_mesh) StdoutLine: {'line': b'-- Configuring done\n'}
[6.233707] (-) TimerEvent: {}
[6.245350] (turtlebot3_description_reduced_mesh) StdoutLine: {'line': b'-- Generating done\n'}
[6.265135] (turtlebot3_description_reduced_mesh) StdoutLine: {'line': b'-- Build files have been written to: /home/ubuntu/environment/HelloWorld/simulation_ws/build/turtlebot3_description_reduced_mesh\n'}
[6.278816] (turtlebot3_description_reduced_mesh) CommandEnded: {'returncode': 0}
[6.280952] (turtlebot3_description_reduced_mesh) JobProgress: {'identifier': 'turtlebot3_description_reduced_mesh', 'progress': 'build'}
[6.281059] (turtlebot3_description_reduced_mesh) Command: {'cmd': ['/usr/bin/cmake', '--build', '/home/ubuntu/environment/HelloWorld/simulation_ws/build/turtlebot3_description_reduced_mesh', '--', '-j2', '-l2'], 'cwd': '/home/ubuntu/environment/HelloWorld/simulation_ws/build/turtlebot3_description_reduced_mesh', 'env': OrderedDict([('TMUX', '/tmp/tmux-1000/cloud92.2,2361,5'), ('MAIL', '/var/mail/ubuntu'), ('USER', 'ubuntu'), ('_system_version', '18.04'), ('SSH_CLIENT', '35.172.155.193 37291 22'), ('ROS_PACKAGE_PATH', '/opt/ros/melodic/share'), ('LD_LIBRARY_PATH', '/opt/ros/melodic/lib'), ('ROS_ETC_DIR', '/opt/ros/melodic/etc/ros'), ('SHLVL', '4'), ('HOME', '/home/ubuntu'), ('PORT', '8080'), ('ISOUTPUTPANE', '1'), ('NVM_BIN', '/home/ubuntu/.nvm/versions/node/v8.17.0/bin'), ('NVM_NODEJS_ORG_MIRROR', 'https://nodejs.org/dist'), ('ROS_PYTHON_VERSION', '2'), ('C9_USER', 'vocstartsoft'), ('NVM_DIR', '/home/ubuntu/.nvm'), ('NVM_PATH', '/home/ubuntu/.nvm/versions/node/v8.17.0/lib/node'), ('ROS_DISTRO', 'melodic'), ('HGUSER', 'vocstartsoft'), ('LOGNAME', 'ubuntu'), ('rvm_bin_path', '/usr/local/rvm/bin'), ('_', '/usr/local/bin/colcon'), ('RUBY_VERSION', 'ruby-2.4.1'), ('ROS_VERSION', '1'), ('C9_PORT', '8080'), ('PKG_CONFIG_PATH', '/opt/ros/melodic/lib/pkgconfig'), ('IRBRC', '/usr/local/rvm/rubies/ruby-2.4.1/.irbrc'), ('XDG_SESSION_ID', '3'), ('TERM', 'xterm-256color'), ('PATH', '/opt/ros/melodic/bin:/home/ubuntu/.nvm/versions/node/v8.17.0/bin:/usr/local/rvm/gems/ruby-2.4.1/bin:/usr/local/rvm/gems/ruby-2.4.1@global/bin:/usr/local/rvm/rubies/ruby-2.4.1/bin:/usr/local/sbin:/usr/local/bin:/usr/sbin:/usr/bin:/sbin:/bin:/usr/games:/usr/local/games:/snap/bin:/home/ubuntu/.local/bin:/home/ubuntu/bin:/home/ubuntu/.local/bin:/home/ubuntu/bin:/usr/local/rvm/bin:/home/ubuntu/.local/bin:/home/ubuntu/bin'), ('NVM_IOJS_ORG_MIRROR', 'https://iojs.org/dist'), ('XDG_RUNTIME_DIR', '/run/user/1000'), ('MY_RUBY_HOME', '/usr/local/rvm/rubies/ruby-2.4.1'), ('LANG', 'C.UTF-8'), ('ROS_ROOT', '/opt/ros/melodic/share/ros'), ('ROSLISP_PACKAGE_DIRECTORIES', ''), ('C9_HOSTNAME', '3.210.197.198'), ('NODE_PATH', '/home/ubuntu/.c9/node_modules'), ('SHELL', '/bin/bash'), ('ROS_MASTER_URI', 'http://localhost:11311'), ('rvm_prefix', '/usr/local'), ('_system_type', 'Linux'), ('GEM_HOME', '/usr/local/rvm/gems/ruby-2.4.1'), ('C9_PID', '0c444175a44e49aa90f0c3fb169903df'), ('rvm_version', '1.29.3 (1.29.3)'), ('_system_arch', 'x86_64'), ('C9_PROJECT', 'robot-Liu'), ('PWD', '/home/ubuntu/environment/HelloWorld/simulation_ws/build/turtlebot3_description_reduced_mesh'), ('GEM_PATH', '/usr/local/rvm/gems/ruby-2.4.1:/usr/local/rvm/gems/ruby-2.4.1@global'), ('SSH_CONNECTION', '35.172.155.193 37291 172.31.12.121 22'), ('NVM_CD_FLAGS', ''), ('XDG_DATA_DIRS', '/usr/local/share:/usr/share:/var/lib/snapd/desktop'), ('IP', '127.0.0.1'), ('_system_name', 'Ubuntu'), ('PYTHONPATH', '/opt/ros/melodic/lib/python2.7/dist-packages'), ('COLCON', '1'), ('rvm_path', '/usr/local/rvm'), ('TMUX_PANE', '%5'), ('MANPATH', '/home/ubuntu/.nvm/versions/node/v8.17.0/share/man:/usr/local/rvm/rubies/ruby-2.4.1/share/man:/usr/local/man:/usr/local/share/man:/usr/share/man:/usr/local/rvm/man'), ('EDITOR', ''), ('CMAKE_PREFIX_PATH', '/opt/ros/melodic')]), 'shell': False}
[6.333850] (-) TimerEvent: {}
[6.345221] (hello_world_simulation) StdoutLine: {'line': b'-- Configuring done\n'}
[6.433918] (-) TimerEvent: {}
[6.442970] (hello_world_simulation) StdoutLine: {'line': b'-- Generating done\n'}
[6.448396] (turtlebot3_description_reduced_mesh) CommandEnded: {'returncode': 0}
[6.480215] (hello_world_simulation) StdoutLine: {'line': b'-- Build files have been written to: /home/ubuntu/environment/HelloWorld/simulation_ws/build/hello_world_simulation\n'}
[6.488992] (hello_world_simulation) CommandEnded: {'returncode': 0}
[6.490536] (hello_world_simulation) JobProgress: {'identifier': 'hello_world_simulation', 'progress': 'build'}
[6.493179] (hello_world_simulation) Command: {'cmd': ['/usr/bin/cmake', '--build', '/home/ubuntu/environment/HelloWorld/simulation_ws/build/hello_world_simulation', '--', '-j2', '-l2'], 'cwd': '/home/ubuntu/environment/HelloWorld/simulation_ws/build/hello_world_simulation', 'env': OrderedDict([('TMUX', '/tmp/tmux-1000/cloud92.2,2361,5'), ('MAIL', '/var/mail/ubuntu'), ('USER', 'ubuntu'), ('_system_version', '18.04'), ('SSH_CLIENT', '35.172.155.193 37291 22'), ('ROS_PACKAGE_PATH', '/opt/ros/melodic/share'), ('LD_LIBRARY_PATH', '/opt/ros/melodic/lib'), ('ROS_ETC_DIR', '/opt/ros/melodic/etc/ros'), ('SHLVL', '4'), ('HOME', '/home/ubuntu'), ('PORT', '8080'), ('ISOUTPUTPANE', '1'), ('NVM_BIN', '/home/ubuntu/.nvm/versions/node/v8.17.0/bin'), ('NVM_NODEJS_ORG_MIRROR', 'https://nodejs.org/dist'), ('ROS_PYTHON_VERSION', '2'), ('C9_USER', 'vocstartsoft'), ('NVM_DIR', '/home/ubuntu/.nvm'), ('NVM_PATH', '/home/ubuntu/.nvm/versions/node/v8.17.0/lib/node'), ('ROS_DISTRO', 'melodic'), ('HGUSER', 'vocstartsoft'), ('LOGNAME', 'ubuntu'), ('rvm_bin_path', '/usr/local/rvm/bin'), ('_', '/usr/local/bin/colcon'), ('RUBY_VERSION', 'ruby-2.4.1'), ('ROS_VERSION', '1'), ('C9_PORT', '8080'), ('PKG_CONFIG_PATH', '/opt/ros/melodic/lib/pkgconfig'), ('IRBRC', '/usr/local/rvm/rubies/ruby-2.4.1/.irbrc'), ('XDG_SESSION_ID', '3'), ('TERM', 'xterm-256color'), ('PATH', '/opt/ros/melodic/bin:/home/ubuntu/.nvm/versions/node/v8.17.0/bin:/usr/local/rvm/gems/ruby-2.4.1/bin:/usr/local/rvm/gems/ruby-2.4.1@global/bin:/usr/local/rvm/rubies/ruby-2.4.1/bin:/usr/local/sbin:/usr/local/bin:/usr/sbin:/usr/bin:/sbin:/bin:/usr/games:/usr/local/games:/snap/bin:/home/ubuntu/.local/bin:/home/ubuntu/bin:/home/ubuntu/.local/bin:/home/ubuntu/bin:/usr/local/rvm/bin:/home/ubuntu/.local/bin:/home/ubuntu/bin'), ('NVM_IOJS_ORG_MIRROR', 'https://iojs.org/dist'), ('XDG_RUNTIME_DIR', '/run/user/1000'), ('MY_RUBY_HOME', '/usr/local/rvm/rubies/ruby-2.4.1'), ('LANG', 'C.UTF-8'), ('ROS_ROOT', '/opt/ros/melodic/share/ros'), ('ROSLISP_PACKAGE_DIRECTORIES', ''), ('C9_HOSTNAME', '3.210.197.198'), ('NODE_PATH', '/home/ubuntu/.c9/node_modules'), ('SHELL', '/bin/bash'), ('ROS_MASTER_URI', 'http://localhost:11311'), ('rvm_prefix', '/usr/local'), ('_system_type', 'Linux'), ('GEM_HOME', '/usr/local/rvm/gems/ruby-2.4.1'), ('C9_PID', '0c444175a44e49aa90f0c3fb169903df'), ('rvm_version', '1.29.3 (1.29.3)'), ('_system_arch', 'x86_64'), ('C9_PROJECT', 'robot-Liu'), ('PWD', '/home/ubuntu/environment/HelloWorld/simulation_ws/build/hello_world_simulation'), ('GEM_PATH', '/usr/local/rvm/gems/ruby-2.4.1:/usr/local/rvm/gems/ruby-2.4.1@global'), ('SSH_CONNECTION', '35.172.155.193 37291 172.31.12.121 22'), ('NVM_CD_FLAGS', ''), ('XDG_DATA_DIRS', '/usr/local/share:/usr/share:/var/lib/snapd/desktop'), ('IP', '127.0.0.1'), ('_system_name', 'Ubuntu'), ('PYTHONPATH', '/opt/ros/melodic/lib/python2.7/dist-packages'), ('COLCON', '1'), ('rvm_path', '/usr/local/rvm'), ('TMUX_PANE', '%5'), ('MANPATH', '/home/ubuntu/.nvm/versions/node/v8.17.0/share/man:/usr/local/rvm/rubies/ruby-2.4.1/share/man:/usr/local/man:/usr/local/share/man:/usr/share/man:/usr/local/rvm/man'), ('EDITOR', ''), ('CMAKE_PREFIX_PATH', '/opt/ros/melodic')]), 'shell': False}
[6.534030] (-) TimerEvent: {}
[6.605075] (hello_world_simulation) StdoutLine: {'line': b'\x1b[35m\x1b[1mScanning dependencies of target hello_world_simulation_xacro_generated_to_devel_space_\x1b[0m\n'}
[6.629579] (hello_world_simulation) StdoutLine: {'line': b'Built target hello_world_simulation_xacro_generated_to_devel_space_\n'}
[6.634153] (-) TimerEvent: {}
[6.663709] (hello_world_simulation) CommandEnded: {'returncode': 0}
[6.734295] (-) TimerEvent: {}
[6.762403] (turtlebot3_description_reduced_mesh) JobProgress: {'identifier': 'turtlebot3_description_reduced_mesh', 'progress': "build target 'tests'"}
[6.762793] (turtlebot3_description_reduced_mesh) Command: {'cmd': ['/usr/bin/cmake', '--build', '/home/ubuntu/environment/HelloWorld/simulation_ws/build/turtlebot3_description_reduced_mesh', '--target', 'tests', '--', '-j2', '-l2'], 'cwd': '/home/ubuntu/environment/HelloWorld/simulation_ws/build/turtlebot3_description_reduced_mesh', 'env': OrderedDict([('TMUX', '/tmp/tmux-1000/cloud92.2,2361,5'), ('MAIL', '/var/mail/ubuntu'), ('USER', 'ubuntu'), ('_system_version', '18.04'), ('SSH_CLIENT', '35.172.155.193 37291 22'), ('ROS_PACKAGE_PATH', '/opt/ros/melodic/share'), ('LD_LIBRARY_PATH', '/opt/ros/melodic/lib'), ('ROS_ETC_DIR', '/opt/ros/melodic/etc/ros'), ('SHLVL', '4'), ('HOME', '/home/ubuntu'), ('PORT', '8080'), ('ISOUTPUTPANE', '1'), ('NVM_BIN', '/home/ubuntu/.nvm/versions/node/v8.17.0/bin'), ('NVM_NODEJS_ORG_MIRROR', 'https://nodejs.org/dist'), ('ROS_PYTHON_VERSION', '2'), ('C9_USER', 'vocstartsoft'), ('NVM_DIR', '/home/ubuntu/.nvm'), ('NVM_PATH', '/home/ubuntu/.nvm/versions/node/v8.17.0/lib/node'), ('ROS_DISTRO', 'melodic'), ('HGUSER', 'vocstartsoft'), ('LOGNAME', 'ubuntu'), ('rvm_bin_path', '/usr/local/rvm/bin'), ('_', '/usr/local/bin/colcon'), ('RUBY_VERSION', 'ruby-2.4.1'), ('ROS_VERSION', '1'), ('C9_PORT', '8080'), ('PKG_CONFIG_PATH', '/opt/ros/melodic/lib/pkgconfig'), ('IRBRC', '/usr/local/rvm/rubies/ruby-2.4.1/.irbrc'), ('XDG_SESSION_ID', '3'), ('TERM', 'xterm-256color'), ('PATH', '/opt/ros/melodic/bin:/home/ubuntu/.nvm/versions/node/v8.17.0/bin:/usr/local/rvm/gems/ruby-2.4.1/bin:/usr/local/rvm/gems/ruby-2.4.1@global/bin:/usr/local/rvm/rubies/ruby-2.4.1/bin:/usr/local/sbin:/usr/local/bin:/usr/sbin:/usr/bin:/sbin:/bin:/usr/games:/usr/local/games:/snap/bin:/home/ubuntu/.local/bin:/home/ubuntu/bin:/home/ubuntu/.local/bin:/home/ubuntu/bin:/usr/local/rvm/bin:/home/ubuntu/.local/bin:/home/ubuntu/bin'), ('NVM_IOJS_ORG_MIRROR', 'https://iojs.org/dist'), ('XDG_RUNTIME_DIR', '/run/user/1000'), ('MY_RUBY_HOME', '/usr/local/rvm/rubies/ruby-2.4.1'), ('LANG', 'C.UTF-8'), ('ROS_ROOT', '/opt/ros/melodic/share/ros'), ('ROSLISP_PACKAGE_DIRECTORIES', ''), ('C9_HOSTNAME', '3.210.197.198'), ('NODE_PATH', '/home/ubuntu/.c9/node_modules'), ('SHELL', '/bin/bash'), ('ROS_MASTER_URI', 'http://localhost:11311'), ('rvm_prefix', '/usr/local'), ('_system_type', 'Linux'), ('GEM_HOME', '/usr/local/rvm/gems/ruby-2.4.1'), ('C9_PID', '0c444175a44e49aa90f0c3fb169903df'), ('rvm_version', '1.29.3 (1.29.3)'), ('_system_arch', 'x86_64'), ('C9_PROJECT', 'robot-Liu'), ('PWD', '/home/ubuntu/environment/HelloWorld/simulation_ws/build/turtlebot3_description_reduced_mesh'), ('GEM_PATH', '/usr/local/rvm/gems/ruby-2.4.1:/usr/local/rvm/gems/ruby-2.4.1@global'), ('SSH_CONNECTION', '35.172.155.193 37291 172.31.12.121 22'), ('NVM_CD_FLAGS', ''), ('XDG_DATA_DIRS', '/usr/local/share:/usr/share:/var/lib/snapd/desktop'), ('IP', '127.0.0.1'), ('_system_name', 'Ubuntu'), ('PYTHONPATH', '/opt/ros/melodic/lib/python2.7/dist-packages'), ('COLCON', '1'), ('rvm_path', '/usr/local/rvm'), ('TMUX_PANE', '%5'), ('MANPATH', '/home/ubuntu/.nvm/versions/node/v8.17.0/share/man:/usr/local/rvm/rubies/ruby-2.4.1/share/man:/usr/local/man:/usr/local/share/man:/usr/share/man:/usr/local/rvm/man'), ('EDITOR', ''), ('CMAKE_PREFIX_PATH', '/opt/ros/melodic')]), 'shell': False}
[6.834430] (-) TimerEvent: {}
[6.922406] (turtlebot3_description_reduced_mesh) StdoutLine: {'line': b'\x1b[35m\x1b[1mScanning dependencies of target tests\x1b[0m\n'}
[6.934652] (-) TimerEvent: {}
[6.943885] (turtlebot3_description_reduced_mesh) StdoutLine: {'line': b'Built target tests\n'}
[6.967549] (turtlebot3_description_reduced_mesh) CommandEnded: {'returncode': 0}
[7.004970] (hello_world_simulation) JobProgress: {'identifier': 'hello_world_simulation', 'progress': "build target 'tests'"}
[7.005365] (hello_world_simulation) Command: {'cmd': ['/usr/bin/cmake', '--build', '/home/ubuntu/environment/HelloWorld/simulation_ws/build/hello_world_simulation', '--target', 'tests', '--', '-j2', '-l2'], 'cwd': '/home/ubuntu/environment/HelloWorld/simulation_ws/build/hello_world_simulation', 'env': OrderedDict([('TMUX', '/tmp/tmux-1000/cloud92.2,2361,5'), ('MAIL', '/var/mail/ubuntu'), ('USER', 'ubuntu'), ('_system_version', '18.04'), ('SSH_CLIENT', '35.172.155.193 37291 22'), ('ROS_PACKAGE_PATH', '/opt/ros/melodic/share'), ('LD_LIBRARY_PATH', '/opt/ros/melodic/lib'), ('ROS_ETC_DIR', '/opt/ros/melodic/etc/ros'), ('SHLVL', '4'), ('HOME', '/home/ubuntu'), ('PORT', '8080'), ('ISOUTPUTPANE', '1'), ('NVM_BIN', '/home/ubuntu/.nvm/versions/node/v8.17.0/bin'), ('NVM_NODEJS_ORG_MIRROR', 'https://nodejs.org/dist'), ('ROS_PYTHON_VERSION', '2'), ('C9_USER', 'vocstartsoft'), ('NVM_DIR', '/home/ubuntu/.nvm'), ('NVM_PATH', '/home/ubuntu/.nvm/versions/node/v8.17.0/lib/node'), ('ROS_DISTRO', 'melodic'), ('HGUSER', 'vocstartsoft'), ('LOGNAME', 'ubuntu'), ('rvm_bin_path', '/usr/local/rvm/bin'), ('_', '/usr/local/bin/colcon'), ('RUBY_VERSION', 'ruby-2.4.1'), ('ROS_VERSION', '1'), ('C9_PORT', '8080'), ('PKG_CONFIG_PATH', '/opt/ros/melodic/lib/pkgconfig'), ('IRBRC', '/usr/local/rvm/rubies/ruby-2.4.1/.irbrc'), ('XDG_SESSION_ID', '3'), ('TERM', 'xterm-256color'), ('PATH', '/opt/ros/melodic/bin:/home/ubuntu/.nvm/versions/node/v8.17.0/bin:/usr/local/rvm/gems/ruby-2.4.1/bin:/usr/local/rvm/gems/ruby-2.4.1@global/bin:/usr/local/rvm/rubies/ruby-2.4.1/bin:/usr/local/sbin:/usr/local/bin:/usr/sbin:/usr/bin:/sbin:/bin:/usr/games:/usr/local/games:/snap/bin:/home/ubuntu/.local/bin:/home/ubuntu/bin:/home/ubuntu/.local/bin:/home/ubuntu/bin:/usr/local/rvm/bin:/home/ubuntu/.local/bin:/home/ubuntu/bin'), ('NVM_IOJS_ORG_MIRROR', 'https://iojs.org/dist'), ('XDG_RUNTIME_DIR', '/run/user/1000'), ('MY_RUBY_HOME', '/usr/local/rvm/rubies/ruby-2.4.1'), ('LANG', 'C.UTF-8'), ('ROS_ROOT', '/opt/ros/melodic/share/ros'), ('ROSLISP_PACKAGE_DIRECTORIES', ''), ('C9_HOSTNAME', '3.210.197.198'), ('NODE_PATH', '/home/ubuntu/.c9/node_modules'), ('SHELL', '/bin/bash'), ('ROS_MASTER_URI', 'http://localhost:11311'), ('rvm_prefix', '/usr/local'), ('_system_type', 'Linux'), ('GEM_HOME', '/usr/local/rvm/gems/ruby-2.4.1'), ('C9_PID', '0c444175a44e49aa90f0c3fb169903df'), ('rvm_version', '1.29.3 (1.29.3)'), ('_system_arch', 'x86_64'), ('C9_PROJECT', 'robot-Liu'), ('PWD', '/home/ubuntu/environment/HelloWorld/simulation_ws/build/hello_world_simulation'), ('GEM_PATH', '/usr/local/rvm/gems/ruby-2.4.1:/usr/local/rvm/gems/ruby-2.4.1@global'), ('SSH_CONNECTION', '35.172.155.193 37291 172.31.12.121 22'), ('NVM_CD_FLAGS', ''), ('XDG_DATA_DIRS', '/usr/local/share:/usr/share:/var/lib/snapd/desktop'), ('IP', '127.0.0.1'), ('_system_name', 'Ubuntu'), ('PYTHONPATH', '/opt/ros/melodic/lib/python2.7/dist-packages'), ('COLCON', '1'), ('rvm_path', '/usr/local/rvm'), ('TMUX_PANE', '%5'), ('MANPATH', '/home/ubuntu/.nvm/versions/node/v8.17.0/share/man:/usr/local/rvm/rubies/ruby-2.4.1/share/man:/usr/local/man:/usr/local/share/man:/usr/share/man:/usr/local/rvm/man'), ('EDITOR', ''), ('CMAKE_PREFIX_PATH', '/opt/ros/melodic')]), 'shell': False}
[7.034803] (-) TimerEvent: {}
[7.123800] (hello_world_simulation) StdoutLine: {'line': b'\x1b[35m\x1b[1mScanning dependencies of target tests\x1b[0m\n'}
[7.134917] (-) TimerEvent: {}
[7.143206] (hello_world_simulation) StdoutLine: {'line': b'Built target tests\n'}
[7.147218] (turtlebot3_description_reduced_mesh) JobProgress: {'identifier': 'turtlebot3_description_reduced_mesh', 'progress': 'install'}
[7.164760] (turtlebot3_description_reduced_mesh) Command: {'cmd': ['/usr/bin/cmake', '--build', '/home/ubuntu/environment/HelloWorld/simulation_ws/build/turtlebot3_description_reduced_mesh', '--target', 'install', '--', '-j2', '-l2'], 'cwd': '/home/ubuntu/environment/HelloWorld/simulation_ws/build/turtlebot3_description_reduced_mesh', 'env': OrderedDict([('TMUX', '/tmp/tmux-1000/cloud92.2,2361,5'), ('MAIL', '/var/mail/ubuntu'), ('USER', 'ubuntu'), ('_system_version', '18.04'), ('SSH_CLIENT', '35.172.155.193 37291 22'), ('ROS_PACKAGE_PATH', '/opt/ros/melodic/share'), ('LD_LIBRARY_PATH', '/opt/ros/melodic/lib'), ('ROS_ETC_DIR', '/opt/ros/melodic/etc/ros'), ('SHLVL', '4'), ('HOME', '/home/ubuntu'), ('PORT', '8080'), ('ISOUTPUTPANE', '1'), ('NVM_BIN', '/home/ubuntu/.nvm/versions/node/v8.17.0/bin'), ('NVM_NODEJS_ORG_MIRROR', 'https://nodejs.org/dist'), ('ROS_PYTHON_VERSION', '2'), ('C9_USER', 'vocstartsoft'), ('NVM_DIR', '/home/ubuntu/.nvm'), ('NVM_PATH', '/home/ubuntu/.nvm/versions/node/v8.17.0/lib/node'), ('ROS_DISTRO', 'melodic'), ('HGUSER', 'vocstartsoft'), ('LOGNAME', 'ubuntu'), ('rvm_bin_path', '/usr/local/rvm/bin'), ('_', '/usr/local/bin/colcon'), ('RUBY_VERSION', 'ruby-2.4.1'), ('ROS_VERSION', '1'), ('C9_PORT', '8080'), ('PKG_CONFIG_PATH', '/opt/ros/melodic/lib/pkgconfig'), ('IRBRC', '/usr/local/rvm/rubies/ruby-2.4.1/.irbrc'), ('XDG_SESSION_ID', '3'), ('TERM', 'xterm-256color'), ('PATH', '/opt/ros/melodic/bin:/home/ubuntu/.nvm/versions/node/v8.17.0/bin:/usr/local/rvm/gems/ruby-2.4.1/bin:/usr/local/rvm/gems/ruby-2.4.1@global/bin:/usr/local/rvm/rubies/ruby-2.4.1/bin:/usr/local/sbin:/usr/local/bin:/usr/sbin:/usr/bin:/sbin:/bin:/usr/games:/usr/local/games:/snap/bin:/home/ubuntu/.local/bin:/home/ubuntu/bin:/home/ubuntu/.local/bin:/home/ubuntu/bin:/usr/local/rvm/bin:/home/ubuntu/.local/bin:/home/ubuntu/bin'), ('NVM_IOJS_ORG_MIRROR', 'https://iojs.org/dist'), ('XDG_RUNTIME_DIR', '/run/user/1000'), ('MY_RUBY_HOME', '/usr/local/rvm/rubies/ruby-2.4.1'), ('LANG', 'C.UTF-8'), ('ROS_ROOT', '/opt/ros/melodic/share/ros'), ('ROSLISP_PACKAGE_DIRECTORIES', ''), ('C9_HOSTNAME', '3.210.197.198'), ('NODE_PATH', '/home/ubuntu/.c9/node_modules'), ('SHELL', '/bin/bash'), ('ROS_MASTER_URI', 'http://localhost:11311'), ('rvm_prefix', '/usr/local'), ('_system_type', 'Linux'), ('GEM_HOME', '/usr/local/rvm/gems/ruby-2.4.1'), ('C9_PID', '0c444175a44e49aa90f0c3fb169903df'), ('rvm_version', '1.29.3 (1.29.3)'), ('_system_arch', 'x86_64'), ('C9_PROJECT', 'robot-Liu'), ('PWD', '/home/ubuntu/environment/HelloWorld/simulation_ws/build/turtlebot3_description_reduced_mesh'), ('GEM_PATH', '/usr/local/rvm/gems/ruby-2.4.1:/usr/local/rvm/gems/ruby-2.4.1@global'), ('SSH_CONNECTION', '35.172.155.193 37291 172.31.12.121 22'), ('NVM_CD_FLAGS', ''), ('XDG_DATA_DIRS', '/usr/local/share:/usr/share:/var/lib/snapd/desktop'), ('IP', '127.0.0.1'), ('_system_name', 'Ubuntu'), ('PYTHONPATH', '/opt/ros/melodic/lib/python2.7/dist-packages'), ('COLCON', '1'), ('rvm_path', '/usr/local/rvm'), ('TMUX_PANE', '%5'), ('MANPATH', '/home/ubuntu/.nvm/versions/node/v8.17.0/share/man:/usr/local/rvm/rubies/ruby-2.4.1/share/man:/usr/local/man:/usr/local/share/man:/usr/share/man:/usr/local/rvm/man'), ('EDITOR', ''), ('CMAKE_PREFIX_PATH', '/opt/ros/melodic')]), 'shell': False}
[7.170811] (hello_world_simulation) CommandEnded: {'returncode': 0}
[7.235148] (-) TimerEvent: {}
[7.291525] (turtlebot3_description_reduced_mesh) StdoutLine: {'line': b'\x1b[36mInstall the project...\x1b[0m\n'}
[7.329970] (turtlebot3_description_reduced_mesh) StdoutLine: {'line': b'-- Install configuration: ""\n'}
[7.330773] (turtlebot3_description_reduced_mesh) StdoutLine: {'line': b'-- Installing: /home/ubuntu/environment/HelloWorld/simulation_ws/install/turtlebot3_description_reduced_mesh/lib/pkgconfig/turtlebot3_description_reduced_mesh.pc\n'}
[7.331591] (turtlebot3_description_reduced_mesh) StdoutLine: {'line': b'-- Installing: /home/ubuntu/environment/HelloWorld/simulation_ws/install/turtlebot3_description_reduced_mesh/share/turtlebot3_description_reduced_mesh/cmake/turtlebot3_description_reduced_meshConfig.cmake\n'}
[7.332179] (turtlebot3_description_reduced_mesh) StdoutLine: {'line': b'-- Installing: /home/ubuntu/environment/HelloWorld/simulation_ws/install/turtlebot3_description_reduced_mesh/share/turtlebot3_description_reduced_mesh/cmake/turtlebot3_description_reduced_meshConfig-version.cmake\n'}
[7.332794] (turtlebot3_description_reduced_mesh) StdoutLine: {'line': b'-- Installing: /home/ubuntu/environment/HelloWorld/simulation_ws/install/turtlebot3_description_reduced_mesh/share/turtlebot3_description_reduced_mesh/package.xml\n'}
[7.333399] (turtlebot3_description_reduced_mesh) StdoutLine: {'line': b'-- Installing: /home/ubuntu/environment/HelloWorld/simulation_ws/install/turtlebot3_description_reduced_mesh/share/turtlebot3_description_reduced_mesh/launch\n'}
[7.335200] (-) TimerEvent: {}
[7.335660] (turtlebot3_description_reduced_mesh) StdoutLine: {'line': b'-- Installing: /home/ubuntu/environment/HelloWorld/simulation_ws/install/turtlebot3_description_reduced_mesh/share/turtlebot3_description_reduced_mesh/launch/spawn_turtlebot.launch\n'}
[7.336897] (turtlebot3_description_reduced_mesh) StdoutLine: {'line': b'-- Installing: /home/ubuntu/environment/HelloWorld/simulation_ws/install/turtlebot3_description_reduced_mesh/share/turtlebot3_description_reduced_mesh/meshes\n'}
[7.338124] (turtlebot3_description_reduced_mesh) StdoutLine: {'line': b'-- Installing: /home/ubuntu/environment/HelloWorld/simulation_ws/install/turtlebot3_description_reduced_mesh/share/turtlebot3_description_reduced_mesh/meshes/sensors\n'}
[7.339353] (turtlebot3_description_reduced_mesh) StdoutLine: {'line': b'-- Installing: /home/ubuntu/environment/HelloWorld/simulation_ws/install/turtlebot3_description_reduced_mesh/share/turtlebot3_description_reduced_mesh/meshes/sensors/r200.jpg\n'}
[7.340483] (turtlebot3_description_reduced_mesh) StdoutLine: {'line': b'-- Installing: /home/ubuntu/environment/HelloWorld/simulation_ws/install/turtlebot3_description_reduced_mesh/share/turtlebot3_description_reduced_mesh/meshes/sensors/astra.dae\n'}
[7.404327] (turtlebot3_description_reduced_mesh) StdoutLine: {'line': b'-- Installing: /home/ubuntu/environment/HelloWorld/simulation_ws/install/turtlebot3_description_reduced_mesh/share/turtlebot3_description_reduced_mesh/meshes/sensors/astra.jpg\n'}
[7.406347] (turtlebot3_description_reduced_mesh) StdoutLine: {'line': b'-- Installing: /home/ubuntu/environment/HelloWorld/simulation_ws/install/turtlebot3_description_reduced_mesh/share/turtlebot3_description_reduced_mesh/meshes/sensors/r200.dae\n'}
[7.409412] (turtlebot3_description_reduced_mesh) StdoutLine: {'line': b'-- Installing: /home/ubuntu/environment/HelloWorld/simulation_ws/install/turtlebot3_description_reduced_mesh/share/turtlebot3_description_reduced_mesh/meshes/sensors/lds.stl\n'}
[7.416050] (turtlebot3_description_reduced_mesh) StdoutLine: {'line': b'-- Installing: /home/ubuntu/environment/HelloWorld/simulation_ws/install/turtlebot3_description_reduced_mesh/share/turtlebot3_description_reduced_mesh/meshes/wheels\n'}
[7.416832] (turtlebot3_description_reduced_mesh) StdoutLine: {'line': b'-- Installing: /home/ubuntu/environment/HelloWorld/simulation_ws/install/turtlebot3_description_reduced_mesh/share/turtlebot3_description_reduced_mesh/meshes/wheels/left_tire.stl\n'}
[7.426293] (turtlebot3_description_reduced_mesh) StdoutLine: {'line': b'-- Installing: /home/ubuntu/environment/HelloWorld/simulation_ws/install/turtlebot3_description_reduced_mesh/share/turtlebot3_description_reduced_mesh/meshes/wheels/right_tire.stl\n'}
[7.435316] (-) TimerEvent: {}
[7.435624] (turtlebot3_description_reduced_mesh) StdoutLine: {'line': b'-- Installing: /home/ubuntu/environment/HelloWorld/simulation_ws/install/turtlebot3_description_reduced_mesh/share/turtlebot3_description_reduced_mesh/meshes/wheels/right_tire_reduced.stl\n'}
[7.437222] (turtlebot3_description_reduced_mesh) StdoutLine: {'line': b'-- Installing: /home/ubuntu/environment/HelloWorld/simulation_ws/install/turtlebot3_description_reduced_mesh/share/turtlebot3_description_reduced_mesh/meshes/wheels/left_tire_reduced.stl\n'}
[7.438914] (turtlebot3_description_reduced_mesh) StdoutLine: {'line': b'-- Installing: /home/ubuntu/environment/HelloWorld/simulation_ws/install/turtlebot3_description_reduced_mesh/share/turtlebot3_description_reduced_mesh/meshes/bases\n'}
[7.439711] (turtlebot3_description_reduced_mesh) StdoutLine: {'line': b'-- Installing: /home/ubuntu/environment/HelloWorld/simulation_ws/install/turtlebot3_description_reduced_mesh/share/turtlebot3_description_reduced_mesh/meshes/bases/waffle_pi_base_reduced.stl\n'}
[7.461239] (turtlebot3_description_reduced_mesh) StdoutLine: {'line': b'-- Installing: /home/ubuntu/environment/HelloWorld/simulation_ws/install/turtlebot3_description_reduced_mesh/share/turtlebot3_description_reduced_mesh/meshes/bases/burger_base.stl\n'}
[7.495476] (turtlebot3_description_reduced_mesh) StdoutLine: {'line': b'-- Installing: /home/ubuntu/environment/HelloWorld/simulation_ws/install/turtlebot3_description_reduced_mesh/share/turtlebot3_description_reduced_mesh/meshes/bases/waffle_pi_base.stl\n'}
[7.535428] (-) TimerEvent: {}
[7.555193] (turtlebot3_description_reduced_mesh) StdoutLine: {'line': b'-- Installing: /home/ubuntu/environment/HelloWorld/simulation_ws/install/turtlebot3_description_reduced_mesh/share/turtlebot3_description_reduced_mesh/meshes/bases/waffle_base_for_open_manipulator.stl\n'}
[7.628032] (turtlebot3_description_reduced_mesh) StdoutLine: {'line': b'-- Installing: /home/ubuntu/environment/HelloWorld/simulation_ws/install/turtlebot3_description_reduced_mesh/share/turtlebot3_description_reduced_mesh/meshes/bases/waffle_pi_base_for_open_manipulator.stl\n'}
[7.635541] (-) TimerEvent: {}
[7.691846] (turtlebot3_description_reduced_mesh) StdoutLine: {'line': b'-- Installing: /home/ubuntu/environment/HelloWorld/simulation_ws/install/turtlebot3_description_reduced_mesh/share/turtlebot3_description_reduced_mesh/meshes/bases/waffle_base.stl\n'}
[7.735696] (-) TimerEvent: {}
[7.809903] (turtlebot3_description_reduced_mesh) StdoutLine: {'line': b'-- Installing: /home/ubuntu/environment/HelloWorld/simulation_ws/install/turtlebot3_description_reduced_mesh/share/turtlebot3_description_reduced_mesh/meshes/bases/burger_base_decimated.stl\n'}
[7.815179] (turtlebot3_description_reduced_mesh) StdoutLine: {'line': b'-- Installing: /home/ubuntu/environment/HelloWorld/simulation_ws/install/turtlebot3_description_reduced_mesh/share/turtlebot3_description_reduced_mesh/urdf\n'}
[7.816064] (turtlebot3_description_reduced_mesh) StdoutLine: {'line': b'-- Installing: /home/ubuntu/environment/HelloWorld/simulation_ws/install/turtlebot3_description_reduced_mesh/share/turtlebot3_description_reduced_mesh/urdf/turtlebot3_burger_for_autorace.gazebo.xacro\n'}
[7.816872] (turtlebot3_description_reduced_mesh) StdoutLine: {'line': b'-- Installing: /home/ubuntu/environment/HelloWorld/simulation_ws/install/turtlebot3_description_reduced_mesh/share/turtlebot3_description_reduced_mesh/urdf/turtlebot3_waffle_pi.gazebo.xacro\n'}
[7.817633] (turtlebot3_description_reduced_mesh) StdoutLine: {'line': b'-- Installing: /home/ubuntu/environment/HelloWorld/simulation_ws/install/turtlebot3_description_reduced_mesh/share/turtlebot3_description_reduced_mesh/urdf/turtlebot3_burger.urdf.xacro\n'}
[7.818519] (turtlebot3_description_reduced_mesh) StdoutLine: {'line': b'-- Installing: /home/ubuntu/environment/HelloWorld/simulation_ws/install/turtlebot3_description_reduced_mesh/share/turtlebot3_description_reduced_mesh/urdf/turtlebot3_waffle_for_open_manipulator.urdf.xacro\n'}
[7.819318] (turtlebot3_description_reduced_mesh) StdoutLine: {'line': b'-- Installing: /home/ubuntu/environment/HelloWorld/simulation_ws/install/turtlebot3_description_reduced_mesh/share/turtlebot3_description_reduced_mesh/urdf/common_properties.xacro\n'}
[7.820051] (turtlebot3_description_reduced_mesh) StdoutLine: {'line': b'-- Installing: /home/ubuntu/environment/HelloWorld/simulation_ws/install/turtlebot3_description_reduced_mesh/share/turtlebot3_description_reduced_mesh/urdf/turtlebot3_waffle_pi_for_open_manipulator.urdf.xacro\n'}
[7.825670] (hello_world_simulation) JobProgress: {'identifier': 'hello_world_simulation', 'progress': 'install'}
[7.826084] (hello_world_simulation) Command: {'cmd': ['/usr/bin/cmake', '--build', '/home/ubuntu/environment/HelloWorld/simulation_ws/build/hello_world_simulation', '--target', 'install', '--', '-j2', '-l2'], 'cwd': '/home/ubuntu/environment/HelloWorld/simulation_ws/build/hello_world_simulation', 'env': OrderedDict([('TMUX', '/tmp/tmux-1000/cloud92.2,2361,5'), ('MAIL', '/var/mail/ubuntu'), ('USER', 'ubuntu'), ('_system_version', '18.04'), ('SSH_CLIENT', '35.172.155.193 37291 22'), ('ROS_PACKAGE_PATH', '/opt/ros/melodic/share'), ('LD_LIBRARY_PATH', '/opt/ros/melodic/lib'), ('ROS_ETC_DIR', '/opt/ros/melodic/etc/ros'), ('SHLVL', '4'), ('HOME', '/home/ubuntu'), ('PORT', '8080'), ('ISOUTPUTPANE', '1'), ('NVM_BIN', '/home/ubuntu/.nvm/versions/node/v8.17.0/bin'), ('NVM_NODEJS_ORG_MIRROR', 'https://nodejs.org/dist'), ('ROS_PYTHON_VERSION', '2'), ('C9_USER', 'vocstartsoft'), ('NVM_DIR', '/home/ubuntu/.nvm'), ('NVM_PATH', '/home/ubuntu/.nvm/versions/node/v8.17.0/lib/node'), ('ROS_DISTRO', 'melodic'), ('HGUSER', 'vocstartsoft'), ('LOGNAME', 'ubuntu'), ('rvm_bin_path', '/usr/local/rvm/bin'), ('_', '/usr/local/bin/colcon'), ('RUBY_VERSION', 'ruby-2.4.1'), ('ROS_VERSION', '1'), ('C9_PORT', '8080'), ('PKG_CONFIG_PATH', '/opt/ros/melodic/lib/pkgconfig'), ('IRBRC', '/usr/local/rvm/rubies/ruby-2.4.1/.irbrc'), ('XDG_SESSION_ID', '3'), ('TERM', 'xterm-256color'), ('PATH', '/opt/ros/melodic/bin:/home/ubuntu/.nvm/versions/node/v8.17.0/bin:/usr/local/rvm/gems/ruby-2.4.1/bin:/usr/local/rvm/gems/ruby-2.4.1@global/bin:/usr/local/rvm/rubies/ruby-2.4.1/bin:/usr/local/sbin:/usr/local/bin:/usr/sbin:/usr/bin:/sbin:/bin:/usr/games:/usr/local/games:/snap/bin:/home/ubuntu/.local/bin:/home/ubuntu/bin:/home/ubuntu/.local/bin:/home/ubuntu/bin:/usr/local/rvm/bin:/home/ubuntu/.local/bin:/home/ubuntu/bin'), ('NVM_IOJS_ORG_MIRROR', 'https://iojs.org/dist'), ('XDG_RUNTIME_DIR', '/run/user/1000'), ('MY_RUBY_HOME', '/usr/local/rvm/rubies/ruby-2.4.1'), ('LANG', 'C.UTF-8'), ('ROS_ROOT', '/opt/ros/melodic/share/ros'), ('ROSLISP_PACKAGE_DIRECTORIES', ''), ('C9_HOSTNAME', '3.210.197.198'), ('NODE_PATH', '/home/ubuntu/.c9/node_modules'), ('SHELL', '/bin/bash'), ('ROS_MASTER_URI', 'http://localhost:11311'), ('rvm_prefix', '/usr/local'), ('_system_type', 'Linux'), ('GEM_HOME', '/usr/local/rvm/gems/ruby-2.4.1'), ('C9_PID', '0c444175a44e49aa90f0c3fb169903df'), ('rvm_version', '1.29.3 (1.29.3)'), ('_system_arch', 'x86_64'), ('C9_PROJECT', 'robot-Liu'), ('PWD', '/home/ubuntu/environment/HelloWorld/simulation_ws/build/hello_world_simulation'), ('GEM_PATH', '/usr/local/rvm/gems/ruby-2.4.1:/usr/local/rvm/gems/ruby-2.4.1@global'), ('SSH_CONNECTION', '35.172.155.193 37291 172.31.12.121 22'), ('NVM_CD_FLAGS', ''), ('XDG_DATA_DIRS', '/usr/local/share:/usr/share:/var/lib/snapd/desktop'), ('IP', '127.0.0.1'), ('_system_name', 'Ubuntu'), ('PYTHONPATH', '/opt/ros/melodic/lib/python2.7/dist-packages'), ('COLCON', '1'), ('rvm_path', '/usr/local/rvm'), ('TMUX_PANE', '%5'), ('MANPATH', '/home/ubuntu/.nvm/versions/node/v8.17.0/share/man:/usr/local/rvm/rubies/ruby-2.4.1/share/man:/usr/local/man:/usr/local/share/man:/usr/share/man:/usr/local/rvm/man'), ('EDITOR', ''), ('CMAKE_PREFIX_PATH', '/opt/ros/melodic')]), 'shell': False}
[7.829755] (turtlebot3_description_reduced_mesh) StdoutLine: {'line': b'-- Installing: /home/ubuntu/environment/HelloWorld/simulation_ws/install/turtlebot3_description_reduced_mesh/share/turtlebot3_description_reduced_mesh/urdf/turtlebot3_burger_for_autorace.urdf.xacro\n'}
[7.830149] (turtlebot3_description_reduced_mesh) StdoutLine: {'line': b'-- Installing: /home/ubuntu/environment/HelloWorld/simulation_ws/install/turtlebot3_description_reduced_mesh/share/turtlebot3_description_reduced_mesh/urdf/turtlebot3_waffle_pi.urdf.xacro\n'}
[7.830420] (turtlebot3_description_reduced_mesh) StdoutLine: {'line': b'-- Installing: /home/ubuntu/environment/HelloWorld/simulation_ws/install/turtlebot3_description_reduced_mesh/share/turtlebot3_description_reduced_mesh/urdf/turtlebot3_waffle.urdf.xacro\n'}
[7.830672] (turtlebot3_description_reduced_mesh) StdoutLine: {'line': b'-- Installing: /home/ubuntu/environment/HelloWorld/simulation_ws/install/turtlebot3_description_reduced_mesh/share/turtlebot3_description_reduced_mesh/urdf/turtlebot3_waffle.gazebo.xacro\n'}
[7.830918] (turtlebot3_description_reduced_mesh) StdoutLine: {'line': b'-- Installing: /home/ubuntu/environment/HelloWorld/simulation_ws/install/turtlebot3_description_reduced_mesh/share/turtlebot3_description_reduced_mesh/urdf/turtlebot3_burger.gazebo.xacro\n'}
[7.835813] (-) TimerEvent: {}
[7.844261] (turtlebot3_description_reduced_mesh) CommandEnded: {'returncode': 0}
[7.935970] (-) TimerEvent: {}
[8.036492] (-) TimerEvent: {}
[8.052078] (hello_world_simulation) StdoutLine: {'line': b'Built target hello_world_simulation_xacro_generated_to_devel_space_\n'}
[8.136622] (-) TimerEvent: {}
[8.139617] (hello_world_simulation) StdoutLine: {'line': b'\x1b[36mInstall the project...\x1b[0m\n'}
[8.164413] (hello_world_simulation) StdoutLine: {'line': b'-- Install configuration: ""\n'}
[8.165191] (hello_world_simulation) StdoutLine: {'line': b'-- Installing: /home/ubuntu/environment/HelloWorld/simulation_ws/install/hello_world_simulation/lib/pkgconfig/hello_world_simulation.pc\n'}
[8.165992] (hello_world_simulation) StdoutLine: {'line': b'-- Installing: /home/ubuntu/environment/HelloWorld/simulation_ws/install/hello_world_simulation/share/hello_world_simulation/cmake/hello_world_simulationConfig.cmake\n'}
[8.166510] (hello_world_simulation) StdoutLine: {'line': b'-- Installing: /home/ubuntu/environment/HelloWorld/simulation_ws/install/hello_world_simulation/share/hello_world_simulation/cmake/hello_world_simulationConfig-version.cmake\n'}
[8.167062] (hello_world_simulation) StdoutLine: {'line': b'-- Installing: /home/ubuntu/environment/HelloWorld/simulation_ws/install/hello_world_simulation/share/hello_world_simulation/package.xml\n'}
[8.167575] (hello_world_simulation) StdoutLine: {'line': b'-- Installing: /home/ubuntu/environment/HelloWorld/simulation_ws/install/hello_world_simulation/share/hello_world_simulation/launch\n'}
[8.168886] (hello_world_simulation) StdoutLine: {'line': b'-- Installing: /home/ubuntu/environment/HelloWorld/simulation_ws/install/hello_world_simulation/share/hello_world_simulation/launch/view_empty_world.launch\n'}
[8.170049] (hello_world_simulation) StdoutLine: {'line': b'-- Installing: /home/ubuntu/environment/HelloWorld/simulation_ws/install/hello_world_simulation/share/hello_world_simulation/launch/empty_world.launch\n'}
[8.171232] (hello_world_simulation) StdoutLine: {'line': b'-- Installing: /home/ubuntu/environment/HelloWorld/simulation_ws/install/hello_world_simulation/share/hello_world_simulation/launch/worldforge_world.launch\n'}
[8.172392] (hello_world_simulation) StdoutLine: {'line': b'-- Installing: /home/ubuntu/environment/HelloWorld/simulation_ws/install/hello_world_simulation/share/hello_world_simulation/worlds\n'}
[8.173497] (hello_world_simulation) StdoutLine: {'line': b'-- Installing: /home/ubuntu/environment/HelloWorld/simulation_ws/install/hello_world_simulation/share/hello_world_simulation/worlds/empty.world\n'}
[8.174766] (hello_world_simulation) StdoutLine: {'line': b'-- Installing: /home/ubuntu/environment/HelloWorld/simulation_ws/install/hello_world_simulation/share/hello_world_simulation/rviz/turtlebot3_model.rviz\n'}
[8.183714] (hello_world_simulation) CommandEnded: {'returncode': 0}
[8.236758] (-) TimerEvent: {}
[8.346143] (-) TimerEvent: {}
[8.447138] (-) TimerEvent: {}
[8.548397] (-) TimerEvent: {}
[8.654086] (-) TimerEvent: {}
[8.672232] (turtlebot3_description_reduced_mesh) JobEnded: {'identifier': 'turtlebot3_description_reduced_mesh', 'rc': 0}
[8.756318] (-) TimerEvent: {}
[8.790803] (hello_world_simulation) JobEnded: {'identifier': 'hello_world_simulation', 'rc': 0}
[8.793459] (-) EventReactorShutdown: {}
