[0.076s] Invoking command in '/home/ubuntu/environment/HelloWorld/simulation_ws/build/turtlebot3_description_reduced_mesh': /usr/bin/cmake --build /home/ubuntu/environment/HelloWorld/simulation_ws/build/turtlebot3_description_reduced_mesh -- -j2 -l2
[0.237s] Invoked command in '/home/ubuntu/environment/HelloWorld/simulation_ws/build/turtlebot3_description_reduced_mesh' returned '0': /usr/bin/cmake --build /home/ubuntu/environment/HelloWorld/simulation_ws/build/turtlebot3_description_reduced_mesh -- -j2 -l2
[0.475s] Invoking command in '/home/ubuntu/environment/HelloWorld/simulation_ws/build/turtlebot3_description_reduced_mesh': /usr/bin/cmake --build /home/ubuntu/environment/HelloWorld/simulation_ws/build/turtlebot3_description_reduced_mesh --target tests -- -j2 -l2
[0.695s] Built target tests
[0.721s] Invoked command in '/home/ubuntu/environment/HelloWorld/simulation_ws/build/turtlebot3_description_reduced_mesh' returned '0': /usr/bin/cmake --build /home/ubuntu/environment/HelloWorld/simulation_ws/build/turtlebot3_description_reduced_mesh --target tests -- -j2 -l2
[0.949s] Invoking command in '/home/ubuntu/environment/HelloWorld/simulation_ws/build/turtlebot3_description_reduced_mesh': /usr/bin/cmake --build /home/ubuntu/environment/HelloWorld/simulation_ws/build/turtlebot3_description_reduced_mesh --target install -- -j2 -l2
[1.255s] [36mInstall the project...[0m
[1.295s] -- Install configuration: ""
[1.295s] -- Up-to-date: /home/ubuntu/environment/HelloWorld/simulation_ws/install/turtlebot3_description_reduced_mesh/lib/pkgconfig/turtlebot3_description_reduced_mesh.pc
[1.296s] -- Up-to-date: /home/ubuntu/environment/HelloWorld/simulation_ws/install/turtlebot3_description_reduced_mesh/share/turtlebot3_description_reduced_mesh/cmake/turtlebot3_description_reduced_meshConfig.cmake
[1.296s] -- Up-to-date: /home/ubuntu/environment/HelloWorld/simulation_ws/install/turtlebot3_description_reduced_mesh/share/turtlebot3_description_reduced_mesh/cmake/turtlebot3_description_reduced_meshConfig-version.cmake
[1.297s] -- Up-to-date: /home/ubuntu/environment/HelloWorld/simulation_ws/install/turtlebot3_description_reduced_mesh/share/turtlebot3_description_reduced_mesh/package.xml
[1.297s] -- Up-to-date: /home/ubuntu/environment/HelloWorld/simulation_ws/install/turtlebot3_description_reduced_mesh/share/turtlebot3_description_reduced_mesh/launch
[1.298s] -- Up-to-date: /home/ubuntu/environment/HelloWorld/simulation_ws/install/turtlebot3_description_reduced_mesh/share/turtlebot3_description_reduced_mesh/launch/spawn_turtlebot.launch
[1.298s] -- Up-to-date: /home/ubuntu/environment/HelloWorld/simulation_ws/install/turtlebot3_description_reduced_mesh/share/turtlebot3_description_reduced_mesh/meshes
[1.299s] -- Up-to-date: /home/ubuntu/environment/HelloWorld/simulation_ws/install/turtlebot3_description_reduced_mesh/share/turtlebot3_description_reduced_mesh/meshes/sensors
[1.299s] -- Up-to-date: /home/ubuntu/environment/HelloWorld/simulation_ws/install/turtlebot3_description_reduced_mesh/share/turtlebot3_description_reduced_mesh/meshes/sensors/r200.jpg
[1.299s] -- Up-to-date: /home/ubuntu/environment/HelloWorld/simulation_ws/install/turtlebot3_description_reduced_mesh/share/turtlebot3_description_reduced_mesh/meshes/sensors/astra.dae
[1.300s] -- Up-to-date: /home/ubuntu/environment/HelloWorld/simulation_ws/install/turtlebot3_description_reduced_mesh/share/turtlebot3_description_reduced_mesh/meshes/sensors/astra.jpg
[1.300s] -- Up-to-date: /home/ubuntu/environment/HelloWorld/simulation_ws/install/turtlebot3_description_reduced_mesh/share/turtlebot3_description_reduced_mesh/meshes/sensors/r200.dae
[1.300s] -- Up-to-date: /home/ubuntu/environment/HelloWorld/simulation_ws/install/turtlebot3_description_reduced_mesh/share/turtlebot3_description_reduced_mesh/meshes/sensors/lds.stl
[1.301s] -- Up-to-date: /home/ubuntu/environment/HelloWorld/simulation_ws/install/turtlebot3_description_reduced_mesh/share/turtlebot3_description_reduced_mesh/meshes/wheels
[1.301s] -- Up-to-date: /home/ubuntu/environment/HelloWorld/simulation_ws/install/turtlebot3_description_reduced_mesh/share/turtlebot3_description_reduced_mesh/meshes/wheels/left_tire.stl
[1.302s] -- Up-to-date: /home/ubuntu/environment/HelloWorld/simulation_ws/install/turtlebot3_description_reduced_mesh/share/turtlebot3_description_reduced_mesh/meshes/wheels/right_tire.stl
[1.302s] -- Up-to-date: /home/ubuntu/environment/HelloWorld/simulation_ws/install/turtlebot3_description_reduced_mesh/share/turtlebot3_description_reduced_mesh/meshes/wheels/right_tire_reduced.stl
[1.302s] -- Up-to-date: /home/ubuntu/environment/HelloWorld/simulation_ws/install/turtlebot3_description_reduced_mesh/share/turtlebot3_description_reduced_mesh/meshes/wheels/left_tire_reduced.stl
[1.303s] -- Up-to-date: /home/ubuntu/environment/HelloWorld/simulation_ws/install/turtlebot3_description_reduced_mesh/share/turtlebot3_description_reduced_mesh/meshes/bases
[1.303s] -- Up-to-date: /home/ubuntu/environment/HelloWorld/simulation_ws/install/turtlebot3_description_reduced_mesh/share/turtlebot3_description_reduced_mesh/meshes/bases/waffle_pi_base_reduced.stl
[1.303s] -- Up-to-date: /home/ubuntu/environment/HelloWorld/simulation_ws/install/turtlebot3_description_reduced_mesh/share/turtlebot3_description_reduced_mesh/meshes/bases/burger_base.stl
[1.304s] -- Up-to-date: /home/ubuntu/environment/HelloWorld/simulation_ws/install/turtlebot3_description_reduced_mesh/share/turtlebot3_description_reduced_mesh/meshes/bases/waffle_pi_base.stl
[1.304s] -- Up-to-date: /home/ubuntu/environment/HelloWorld/simulation_ws/install/turtlebot3_description_reduced_mesh/share/turtlebot3_description_reduced_mesh/meshes/bases/waffle_base_for_open_manipulator.stl
[1.304s] -- Up-to-date: /home/ubuntu/environment/HelloWorld/simulation_ws/install/turtlebot3_description_reduced_mesh/share/turtlebot3_description_reduced_mesh/meshes/bases/waffle_pi_base_for_open_manipulator.stl
[1.305s] -- Up-to-date: /home/ubuntu/environment/HelloWorld/simulation_ws/install/turtlebot3_description_reduced_mesh/share/turtlebot3_description_reduced_mesh/meshes/bases/waffle_base.stl
[1.305s] -- Up-to-date: /home/ubuntu/environment/HelloWorld/simulation_ws/install/turtlebot3_description_reduced_mesh/share/turtlebot3_description_reduced_mesh/meshes/bases/burger_base_decimated.stl
[1.306s] -- Up-to-date: /home/ubuntu/environment/HelloWorld/simulation_ws/install/turtlebot3_description_reduced_mesh/share/turtlebot3_description_reduced_mesh/urdf
[1.306s] -- Up-to-date: /home/ubuntu/environment/HelloWorld/simulation_ws/install/turtlebot3_description_reduced_mesh/share/turtlebot3_description_reduced_mesh/urdf/turtlebot3_burger_for_autorace.gazebo.xacro
[1.306s] -- Up-to-date: /home/ubuntu/environment/HelloWorld/simulation_ws/install/turtlebot3_description_reduced_mesh/share/turtlebot3_description_reduced_mesh/urdf/turtlebot3_waffle_pi.gazebo.xacro
[1.307s] -- Up-to-date: /home/ubuntu/environment/HelloWorld/simulation_ws/install/turtlebot3_description_reduced_mesh/share/turtlebot3_description_reduced_mesh/urdf/turtlebot3_burger.urdf.xacro
[1.307s] -- Up-to-date: /home/ubuntu/environment/HelloWorld/simulation_ws/install/turtlebot3_description_reduced_mesh/share/turtlebot3_description_reduced_mesh/urdf/turtlebot3_waffle_for_open_manipulator.urdf.xacro
[1.308s] -- Up-to-date: /home/ubuntu/environment/HelloWorld/simulation_ws/install/turtlebot3_description_reduced_mesh/share/turtlebot3_description_reduced_mesh/urdf/common_properties.xacro
[1.308s] -- Up-to-date: /home/ubuntu/environment/HelloWorld/simulation_ws/install/turtlebot3_description_reduced_mesh/share/turtlebot3_description_reduced_mesh/urdf/turtlebot3_waffle_pi_for_open_manipulator.urdf.xacro
[1.308s] -- Up-to-date: /home/ubuntu/environment/HelloWorld/simulation_ws/install/turtlebot3_description_reduced_mesh/share/turtlebot3_description_reduced_mesh/urdf/turtlebot3_burger_for_autorace.urdf.xacro
[1.312s] -- Up-to-date: /home/ubuntu/environment/HelloWorld/simulation_ws/install/turtlebot3_description_reduced_mesh/share/turtlebot3_description_reduced_mesh/urdf/turtlebot3_waffle_pi.urdf.xacro
[1.312s] -- Up-to-date: /home/ubuntu/environment/HelloWorld/simulation_ws/install/turtlebot3_description_reduced_mesh/share/turtlebot3_description_reduced_mesh/urdf/turtlebot3_waffle.urdf.xacro
[1.312s] -- Up-to-date: /home/ubuntu/environment/HelloWorld/simulation_ws/install/turtlebot3_description_reduced_mesh/share/turtlebot3_description_reduced_mesh/urdf/turtlebot3_waffle.gazebo.xacro
[1.312s] -- Up-to-date: /home/ubuntu/environment/HelloWorld/simulation_ws/install/turtlebot3_description_reduced_mesh/share/turtlebot3_description_reduced_mesh/urdf/turtlebot3_burger.gazebo.xacro
[1.319s] Invoked command in '/home/ubuntu/environment/HelloWorld/simulation_ws/build/turtlebot3_description_reduced_mesh' returned '0': /usr/bin/cmake --build /home/ubuntu/environment/HelloWorld/simulation_ws/build/turtlebot3_description_reduced_mesh --target install -- -j2 -l2
